{"C:\\Users\\soyel\\Github\\Stare\\Stare-BE\\src\\models\\comment.js": {"path":"C:\\Users\\soyel\\Github\\Stare\\Stare-BE\\src\\models\\comment.js","statementMap":{"0":{"start":{"line":1,"column":17},"end":{"line":1,"column":36}},"1":{"start":{"line":3,"column":22},"end":{"line":54,"column":2}},"2":{"start":{"line":56,"column":0},"end":{"line":56,"column":58}}},"fnMap":{},"branchMap":{},"s":{"0":1,"1":1,"2":1},"f":{},"b":{},"_coverageSchema":"1a1c01bbd47fc00a2c39e90264f33305004495a9","hash":"ce439cd60889ef586204e83a42cb275f14da2f2c"}
,"C:\\Users\\soyel\\Github\\Stare\\Stare-BE\\src\\models\\release.js": {"path":"C:\\Users\\soyel\\Github\\Stare\\Stare-BE\\src\\models\\release.js","statementMap":{"0":{"start":{"line":1,"column":17},"end":{"line":1,"column":36}},"1":{"start":{"line":2,"column":25},"end":{"line":2,"column":44}},"2":{"start":{"line":3,"column":15},"end":{"line":3,"column":30}},"3":{"start":{"line":4,"column":22},"end":{"line":78,"column":2}},"4":{"start":{"line":81,"column":0},"end":{"line":81,"column":58}}},"fnMap":{},"branchMap":{},"s":{"0":1,"1":1,"2":1,"3":1,"4":1},"f":{},"b":{},"_coverageSchema":"1a1c01bbd47fc00a2c39e90264f33305004495a9","hash":"eace57830cd6849e9ad7d4e12c5c14fdeaccbc46"}
,"C:\\Users\\soyel\\Github\\Stare\\Stare-BE\\src\\models\\repoV2.js": {"path":"C:\\Users\\soyel\\Github\\Stare\\Stare-BE\\src\\models\\repoV2.js","statementMap":{"0":{"start":{"line":1,"column":17},"end":{"line":1,"column":36}},"1":{"start":{"line":5,"column":21},"end":{"line":86,"column":1}},"2":{"start":{"line":88,"column":0},"end":{"line":88,"column":56}}},"fnMap":{},"branchMap":{},"s":{"0":1,"1":1,"2":1},"f":{},"b":{},"_coverageSchema":"1a1c01bbd47fc00a2c39e90264f33305004495a9","hash":"d754c07d5c294fb8eca132366add00d03df19048"}
,"C:\\Users\\soyel\\Github\\Stare\\Stare-BE\\src\\models\\status.js": {"path":"C:\\Users\\soyel\\Github\\Stare\\Stare-BE\\src\\models\\status.js","statementMap":{"0":{"start":{"line":1,"column":17},"end":{"line":1,"column":36}},"1":{"start":{"line":3,"column":25},"end":{"line":35,"column":1}},"2":{"start":{"line":38,"column":0},"end":{"line":38,"column":34}}},"fnMap":{},"branchMap":{},"s":{"0":1,"1":1,"2":1},"f":{},"b":{},"_coverageSchema":"1a1c01bbd47fc00a2c39e90264f33305004495a9","hash":"62c0001693a636adada49ae31c30ea22efbfe48a"}
,"C:\\Users\\soyel\\Github\\Stare\\Stare-BE\\src\\routes\\comment.js": {"path":"C:\\Users\\soyel\\Github\\Stare\\Stare-BE\\src\\routes\\comment.js","statementMap":{"0":{"start":{"line":1,"column":16},"end":{"line":1,"column":34}},"1":{"start":{"line":2,"column":22},"end":{"line":2,"column":50}},"2":{"start":{"line":4,"column":15},"end":{"line":4,"column":31}},"3":{"start":{"line":7,"column":0},"end":{"line":14,"column":3}},"4":{"start":{"line":8,"column":4},"end":{"line":8,"column":52}},"5":{"start":{"line":9,"column":20},"end":{"line":9,"column":43}},"6":{"start":{"line":10,"column":2},"end":{"line":13,"column":52}},"7":{"start":{"line":12,"column":20},"end":{"line":12,"column":34}},"8":{"start":{"line":13,"column":22},"end":{"line":13,"column":50}},"9":{"start":{"line":17,"column":0},"end":{"line":22,"column":3}},"10":{"start":{"line":18,"column":2},"end":{"line":21,"column":52}},"11":{"start":{"line":20,"column":20},"end":{"line":20,"column":34}},"12":{"start":{"line":21,"column":22},"end":{"line":21,"column":50}},"13":{"start":{"line":25,"column":0},"end":{"line":31,"column":3}},"14":{"start":{"line":26,"column":17},"end":{"line":26,"column":27}},"15":{"start":{"line":27,"column":2},"end":{"line":30,"column":52}},"16":{"start":{"line":29,"column":20},"end":{"line":29,"column":34}},"17":{"start":{"line":30,"column":22},"end":{"line":30,"column":50}},"18":{"start":{"line":34,"column":0},"end":{"line":42,"column":3}},"19":{"start":{"line":35,"column":25},"end":{"line":35,"column":48}},"20":{"start":{"line":36,"column":4},"end":{"line":41,"column":5}},"21":{"start":{"line":37,"column":21},"end":{"line":37,"column":77}},"22":{"start":{"line":38,"column":8},"end":{"line":38,"column":23}},"23":{"start":{"line":40,"column":8},"end":{"line":40,"column":57}},"24":{"start":{"line":46,"column":0},"end":{"line":54,"column":3}},"25":{"start":{"line":47,"column":21},"end":{"line":47,"column":40}},"26":{"start":{"line":48,"column":4},"end":{"line":53,"column":5}},"27":{"start":{"line":49,"column":25},"end":{"line":49,"column":73}},"28":{"start":{"line":50,"column":8},"end":{"line":50,"column":27}},"29":{"start":{"line":52,"column":8},"end":{"line":52,"column":55}},"30":{"start":{"line":57,"column":0},"end":{"line":63,"column":3}},"31":{"start":{"line":58,"column":19},"end":{"line":58,"column":29}},"32":{"start":{"line":59,"column":4},"end":{"line":62,"column":56}},"33":{"start":{"line":61,"column":24},"end":{"line":61,"column":38}},"34":{"start":{"line":62,"column":26},"end":{"line":62,"column":54}},"35":{"start":{"line":66,"column":0},"end":{"line":79,"column":3}},"36":{"start":{"line":67,"column":19},"end":{"line":67,"column":29}},"37":{"start":{"line":68,"column":65},"end":{"line":68,"column":73}},"38":{"start":{"line":69,"column":4},"end":{"line":78,"column":5}},"39":{"start":{"line":70,"column":31},"end":{"line":74,"column":9}},"40":{"start":{"line":75,"column":8},"end":{"line":75,"column":33}},"41":{"start":{"line":77,"column":8},"end":{"line":77,"column":57}},"42":{"start":{"line":80,"column":0},"end":{"line":80,"column":24}}},"fnMap":{"0":{"name":"(anonymous_0)","decl":{"start":{"line":7,"column":25},"end":{"line":7,"column":26}},"loc":{"start":{"line":7,"column":39},"end":{"line":14,"column":1}},"line":7},"1":{"name":"(anonymous_1)","decl":{"start":{"line":12,"column":10},"end":{"line":12,"column":11}},"loc":{"start":{"line":12,"column":20},"end":{"line":12,"column":34}},"line":12},"2":{"name":"(anonymous_2)","decl":{"start":{"line":13,"column":11},"end":{"line":13,"column":12}},"loc":{"start":{"line":13,"column":22},"end":{"line":13,"column":50}},"line":13},"3":{"name":"(anonymous_3)","decl":{"start":{"line":17,"column":24},"end":{"line":17,"column":25}},"loc":{"start":{"line":17,"column":38},"end":{"line":22,"column":1}},"line":17},"4":{"name":"(anonymous_4)","decl":{"start":{"line":20,"column":10},"end":{"line":20,"column":11}},"loc":{"start":{"line":20,"column":20},"end":{"line":20,"column":34}},"line":20},"5":{"name":"(anonymous_5)","decl":{"start":{"line":21,"column":11},"end":{"line":21,"column":12}},"loc":{"start":{"line":21,"column":22},"end":{"line":21,"column":50}},"line":21},"6":{"name":"(anonymous_6)","decl":{"start":{"line":25,"column":28},"end":{"line":25,"column":29}},"loc":{"start":{"line":25,"column":42},"end":{"line":31,"column":1}},"line":25},"7":{"name":"(anonymous_7)","decl":{"start":{"line":29,"column":10},"end":{"line":29,"column":11}},"loc":{"start":{"line":29,"column":20},"end":{"line":29,"column":34}},"line":29},"8":{"name":"(anonymous_8)","decl":{"start":{"line":30,"column":11},"end":{"line":30,"column":12}},"loc":{"start":{"line":30,"column":22},"end":{"line":30,"column":50}},"line":30},"9":{"name":"(anonymous_9)","decl":{"start":{"line":34,"column":49},"end":{"line":34,"column":50}},"loc":{"start":{"line":34,"column":69},"end":{"line":42,"column":1}},"line":34},"10":{"name":"(anonymous_10)","decl":{"start":{"line":46,"column":41},"end":{"line":46,"column":42}},"loc":{"start":{"line":46,"column":61},"end":{"line":54,"column":1}},"line":46},"11":{"name":"(anonymous_11)","decl":{"start":{"line":57,"column":31},"end":{"line":57,"column":32}},"loc":{"start":{"line":57,"column":45},"end":{"line":63,"column":1}},"line":57},"12":{"name":"(anonymous_12)","decl":{"start":{"line":61,"column":14},"end":{"line":61,"column":15}},"loc":{"start":{"line":61,"column":24},"end":{"line":61,"column":38}},"line":61},"13":{"name":"(anonymous_13)","decl":{"start":{"line":62,"column":15},"end":{"line":62,"column":16}},"loc":{"start":{"line":62,"column":26},"end":{"line":62,"column":54}},"line":62},"14":{"name":"(anonymous_14)","decl":{"start":{"line":66,"column":28},"end":{"line":66,"column":29}},"loc":{"start":{"line":66,"column":48},"end":{"line":79,"column":1}},"line":66}},"branchMap":{},"s":{"0":1,"1":1,"2":1,"3":1,"4":1,"5":1,"6":1,"7":1,"8":0,"9":1,"10":1,"11":1,"12":0,"13":1,"14":1,"15":1,"16":1,"17":0,"18":1,"19":1,"20":1,"21":1,"22":1,"23":0,"24":1,"25":1,"26":1,"27":1,"28":1,"29":0,"30":1,"31":1,"32":1,"33":1,"34":0,"35":1,"36":1,"37":1,"38":1,"39":1,"40":1,"41":0,"42":1},"f":{"0":1,"1":1,"2":0,"3":1,"4":1,"5":0,"6":1,"7":1,"8":0,"9":1,"10":1,"11":1,"12":1,"13":0,"14":1},"b":{},"_coverageSchema":"1a1c01bbd47fc00a2c39e90264f33305004495a9","hash":"58ab29eef9df9104846edac2ca3565ddeb6001b3"}
,"C:\\Users\\soyel\\Github\\Stare\\Stare-BE\\src\\routes\\release.js": {"path":"C:\\Users\\soyel\\Github\\Stare\\Stare-BE\\src\\routes\\release.js","statementMap":{"0":{"start":{"line":1,"column":16},"end":{"line":1,"column":34}},"1":{"start":{"line":2,"column":22},"end":{"line":2,"column":50}},"2":{"start":{"line":4,"column":15},"end":{"line":4,"column":31}},"3":{"start":{"line":7,"column":0},"end":{"line":14,"column":3}},"4":{"start":{"line":8,"column":4},"end":{"line":8,"column":52}},"5":{"start":{"line":9,"column":20},"end":{"line":9,"column":47}},"6":{"start":{"line":10,"column":2},"end":{"line":13,"column":52}},"7":{"start":{"line":12,"column":20},"end":{"line":12,"column":34}},"8":{"start":{"line":13,"column":22},"end":{"line":13,"column":50}},"9":{"start":{"line":17,"column":0},"end":{"line":22,"column":3}},"10":{"start":{"line":18,"column":2},"end":{"line":21,"column":52}},"11":{"start":{"line":20,"column":20},"end":{"line":20,"column":34}},"12":{"start":{"line":21,"column":22},"end":{"line":21,"column":50}},"13":{"start":{"line":25,"column":0},"end":{"line":31,"column":3}},"14":{"start":{"line":26,"column":17},"end":{"line":26,"column":27}},"15":{"start":{"line":27,"column":2},"end":{"line":30,"column":52}},"16":{"start":{"line":29,"column":20},"end":{"line":29,"column":34}},"17":{"start":{"line":30,"column":22},"end":{"line":30,"column":50}},"18":{"start":{"line":34,"column":0},"end":{"line":40,"column":3}},"19":{"start":{"line":35,"column":29},"end":{"line":35,"column":39}},"20":{"start":{"line":36,"column":4},"end":{"line":39,"column":56}},"21":{"start":{"line":38,"column":24},"end":{"line":38,"column":38}},"22":{"start":{"line":39,"column":26},"end":{"line":39,"column":54}},"23":{"start":{"line":42,"column":0},"end":{"line":48,"column":3}},"24":{"start":{"line":43,"column":17},"end":{"line":43,"column":27}},"25":{"start":{"line":44,"column":2},"end":{"line":47,"column":52}},"26":{"start":{"line":46,"column":20},"end":{"line":46,"column":34}},"27":{"start":{"line":47,"column":22},"end":{"line":47,"column":50}},"28":{"start":{"line":51,"column":0},"end":{"line":58,"column":3}},"29":{"start":{"line":52,"column":17},"end":{"line":52,"column":27}},"30":{"start":{"line":53,"column":31},"end":{"line":53,"column":39}},"31":{"start":{"line":54,"column":2},"end":{"line":57,"column":52}},"32":{"start":{"line":56,"column":20},"end":{"line":56,"column":34}},"33":{"start":{"line":57,"column":22},"end":{"line":57,"column":50}},"34":{"start":{"line":61,"column":0},"end":{"line":76,"column":3}},"35":{"start":{"line":62,"column":19},"end":{"line":62,"column":29}},"36":{"start":{"line":63,"column":23},"end":{"line":63,"column":31}},"37":{"start":{"line":65,"column":4},"end":{"line":75,"column":56}},"38":{"start":{"line":69,"column":12},"end":{"line":69,"column":46}},"39":{"start":{"line":72,"column":12},"end":{"line":72,"column":34}},"40":{"start":{"line":74,"column":34},"end":{"line":74,"column":58}},"41":{"start":{"line":75,"column":26},"end":{"line":75,"column":54}},"42":{"start":{"line":87,"column":0},"end":{"line":119,"column":3}},"43":{"start":{"line":88,"column":22},"end":{"line":88,"column":30}},"44":{"start":{"line":90,"column":4},"end":{"line":118,"column":5}},"45":{"start":{"line":92,"column":24},"end":{"line":96,"column":9}},"46":{"start":{"line":99,"column":29},"end":{"line":99,"column":74}},"47":{"start":{"line":99,"column":60},"end":{"line":99,"column":73}},"48":{"start":{"line":102,"column":28},"end":{"line":102,"column":91}},"49":{"start":{"line":102,"column":65},"end":{"line":102,"column":87}},"50":{"start":{"line":105,"column":8},"end":{"line":109,"column":9}},"51":{"start":{"line":106,"column":12},"end":{"line":106,"column":36}},"52":{"start":{"line":108,"column":12},"end":{"line":108,"column":37}},"53":{"start":{"line":112,"column":8},"end":{"line":112,"column":29}},"54":{"start":{"line":115,"column":8},"end":{"line":115,"column":26}},"55":{"start":{"line":117,"column":8},"end":{"line":117,"column":46}},"56":{"start":{"line":121,"column":0},"end":{"line":121,"column":24}}},"fnMap":{"0":{"name":"(anonymous_0)","decl":{"start":{"line":7,"column":24},"end":{"line":7,"column":25}},"loc":{"start":{"line":7,"column":38},"end":{"line":14,"column":1}},"line":7},"1":{"name":"(anonymous_1)","decl":{"start":{"line":12,"column":10},"end":{"line":12,"column":11}},"loc":{"start":{"line":12,"column":20},"end":{"line":12,"column":34}},"line":12},"2":{"name":"(anonymous_2)","decl":{"start":{"line":13,"column":11},"end":{"line":13,"column":12}},"loc":{"start":{"line":13,"column":22},"end":{"line":13,"column":50}},"line":13},"3":{"name":"(anonymous_3)","decl":{"start":{"line":17,"column":23},"end":{"line":17,"column":24}},"loc":{"start":{"line":17,"column":37},"end":{"line":22,"column":1}},"line":17},"4":{"name":"(anonymous_4)","decl":{"start":{"line":20,"column":10},"end":{"line":20,"column":11}},"loc":{"start":{"line":20,"column":20},"end":{"line":20,"column":34}},"line":20},"5":{"name":"(anonymous_5)","decl":{"start":{"line":21,"column":11},"end":{"line":21,"column":12}},"loc":{"start":{"line":21,"column":22},"end":{"line":21,"column":50}},"line":21},"6":{"name":"(anonymous_6)","decl":{"start":{"line":25,"column":27},"end":{"line":25,"column":28}},"loc":{"start":{"line":25,"column":41},"end":{"line":31,"column":1}},"line":25},"7":{"name":"(anonymous_7)","decl":{"start":{"line":29,"column":10},"end":{"line":29,"column":11}},"loc":{"start":{"line":29,"column":20},"end":{"line":29,"column":34}},"line":29},"8":{"name":"(anonymous_8)","decl":{"start":{"line":30,"column":11},"end":{"line":30,"column":12}},"loc":{"start":{"line":30,"column":22},"end":{"line":30,"column":50}},"line":30},"9":{"name":"(anonymous_9)","decl":{"start":{"line":34,"column":48},"end":{"line":34,"column":49}},"loc":{"start":{"line":34,"column":62},"end":{"line":40,"column":1}},"line":34},"10":{"name":"(anonymous_10)","decl":{"start":{"line":38,"column":14},"end":{"line":38,"column":15}},"loc":{"start":{"line":38,"column":24},"end":{"line":38,"column":38}},"line":38},"11":{"name":"(anonymous_11)","decl":{"start":{"line":39,"column":15},"end":{"line":39,"column":16}},"loc":{"start":{"line":39,"column":26},"end":{"line":39,"column":54}},"line":39},"12":{"name":"(anonymous_12)","decl":{"start":{"line":42,"column":30},"end":{"line":42,"column":31}},"loc":{"start":{"line":42,"column":44},"end":{"line":48,"column":1}},"line":42},"13":{"name":"(anonymous_13)","decl":{"start":{"line":46,"column":10},"end":{"line":46,"column":11}},"loc":{"start":{"line":46,"column":20},"end":{"line":46,"column":34}},"line":46},"14":{"name":"(anonymous_14)","decl":{"start":{"line":47,"column":11},"end":{"line":47,"column":12}},"loc":{"start":{"line":47,"column":22},"end":{"line":47,"column":50}},"line":47},"15":{"name":"(anonymous_15)","decl":{"start":{"line":51,"column":27},"end":{"line":51,"column":28}},"loc":{"start":{"line":51,"column":41},"end":{"line":58,"column":1}},"line":51},"16":{"name":"(anonymous_16)","decl":{"start":{"line":56,"column":10},"end":{"line":56,"column":11}},"loc":{"start":{"line":56,"column":20},"end":{"line":56,"column":34}},"line":56},"17":{"name":"(anonymous_17)","decl":{"start":{"line":57,"column":11},"end":{"line":57,"column":12}},"loc":{"start":{"line":57,"column":22},"end":{"line":57,"column":50}},"line":57},"18":{"name":"(anonymous_18)","decl":{"start":{"line":61,"column":38},"end":{"line":61,"column":39}},"loc":{"start":{"line":61,"column":52},"end":{"line":76,"column":1}},"line":61},"19":{"name":"(anonymous_19)","decl":{"start":{"line":67,"column":14},"end":{"line":67,"column":15}},"loc":{"start":{"line":67,"column":27},"end":{"line":73,"column":9}},"line":67},"20":{"name":"(anonymous_20)","decl":{"start":{"line":74,"column":14},"end":{"line":74,"column":15}},"loc":{"start":{"line":74,"column":34},"end":{"line":74,"column":58}},"line":74},"21":{"name":"(anonymous_21)","decl":{"start":{"line":75,"column":15},"end":{"line":75,"column":16}},"loc":{"start":{"line":75,"column":26},"end":{"line":75,"column":54}},"line":75},"22":{"name":"(anonymous_22)","decl":{"start":{"line":87,"column":35},"end":{"line":87,"column":36}},"loc":{"start":{"line":87,"column":55},"end":{"line":119,"column":1}},"line":87},"23":{"name":"(anonymous_23)","decl":{"start":{"line":99,"column":50},"end":{"line":99,"column":51}},"loc":{"start":{"line":99,"column":60},"end":{"line":99,"column":73}},"line":99},"24":{"name":"(anonymous_24)","decl":{"start":{"line":102,"column":48},"end":{"line":102,"column":49}},"loc":{"start":{"line":102,"column":65},"end":{"line":102,"column":87}},"line":102}},"branchMap":{"0":{"loc":{"start":{"line":102,"column":72},"end":{"line":102,"column":86}},"type":"cond-expr","locations":[{"start":{"line":102,"column":81},"end":{"line":102,"column":82}},{"start":{"line":102,"column":85},"end":{"line":102,"column":86}}],"line":102},"1":{"loc":{"start":{"line":105,"column":8},"end":{"line":109,"column":9}},"type":"if","locations":[{"start":{"line":105,"column":8},"end":{"line":109,"column":9}},{"start":{"line":107,"column":15},"end":{"line":109,"column":9}}],"line":105}},"s":{"0":1,"1":1,"2":1,"3":1,"4":1,"5":1,"6":1,"7":1,"8":0,"9":1,"10":1,"11":1,"12":0,"13":1,"14":1,"15":1,"16":1,"17":0,"18":1,"19":1,"20":1,"21":1,"22":0,"23":1,"24":1,"25":1,"26":1,"27":0,"28":1,"29":1,"30":1,"31":1,"32":1,"33":0,"34":1,"35":1,"36":1,"37":1,"38":1,"39":1,"40":0,"41":1,"42":1,"43":1,"44":1,"45":1,"46":1,"47":1,"48":1,"49":1,"50":1,"51":0,"52":1,"53":1,"54":1,"55":0,"56":1},"f":{"0":1,"1":1,"2":0,"3":1,"4":1,"5":0,"6":1,"7":1,"8":0,"9":1,"10":1,"11":0,"12":1,"13":1,"14":0,"15":1,"16":1,"17":0,"18":1,"19":1,"20":0,"21":1,"22":1,"23":1,"24":1},"b":{"0":[0,1],"1":[0,1]},"_coverageSchema":"1a1c01bbd47fc00a2c39e90264f33305004495a9","hash":"65aa424f680111bfcf96e0985465be0bfa4f6342"}
,"C:\\Users\\soyel\\Github\\Stare\\Stare-BE\\src\\routes\\repoV2.js": {"path":"C:\\Users\\soyel\\Github\\Stare\\Stare-BE\\src\\routes\\repoV2.js","statementMap":{"0":{"start":{"line":1,"column":16},"end":{"line":1,"column":34}},"1":{"start":{"line":2,"column":21},"end":{"line":2,"column":48}},"2":{"start":{"line":6,"column":15},"end":{"line":6,"column":31}},"3":{"start":{"line":9,"column":0},"end":{"line":18,"column":3}},"4":{"start":{"line":10,"column":17},"end":{"line":10,"column":39}},"5":{"start":{"line":11,"column":4},"end":{"line":17,"column":9}},"6":{"start":{"line":13,"column":22},"end":{"line":13,"column":36}},"7":{"start":{"line":15,"column":8},"end":{"line":15,"column":51}},"8":{"start":{"line":16,"column":8},"end":{"line":16,"column":37}},"9":{"start":{"line":21,"column":0},"end":{"line":26,"column":3}},"10":{"start":{"line":22,"column":4},"end":{"line":25,"column":52}},"11":{"start":{"line":24,"column":20},"end":{"line":24,"column":34}},"12":{"start":{"line":25,"column":22},"end":{"line":25,"column":50}},"13":{"start":{"line":29,"column":0},"end":{"line":35,"column":3}},"14":{"start":{"line":30,"column":17},"end":{"line":30,"column":27}},"15":{"start":{"line":31,"column":4},"end":{"line":34,"column":52}},"16":{"start":{"line":33,"column":20},"end":{"line":33,"column":34}},"17":{"start":{"line":34,"column":22},"end":{"line":34,"column":50}},"18":{"start":{"line":37,"column":0},"end":{"line":45,"column":3}},"19":{"start":{"line":38,"column":4},"end":{"line":44,"column":56}},"20":{"start":{"line":43,"column":24},"end":{"line":43,"column":52}},"21":{"start":{"line":44,"column":26},"end":{"line":44,"column":54}},"22":{"start":{"line":49,"column":0},"end":{"line":73,"column":3}},"23":{"start":{"line":50,"column":19},"end":{"line":50,"column":29}},"24":{"start":{"line":51,"column":31},"end":{"line":51,"column":39}},"25":{"start":{"line":53,"column":4},"end":{"line":72,"column":67}},"26":{"start":{"line":56,"column":34},"end":{"line":56,"column":84}},"27":{"start":{"line":56,"column":64},"end":{"line":56,"column":83}},"28":{"start":{"line":57,"column":12},"end":{"line":59,"column":13}},"29":{"start":{"line":58,"column":16},"end":{"line":58,"column":56}},"30":{"start":{"line":62,"column":12},"end":{"line":62,"column":52}},"31":{"start":{"line":65,"column":32},"end":{"line":65,"column":88}},"32":{"start":{"line":65,"column":68},"end":{"line":65,"column":84}},"33":{"start":{"line":66,"column":12},"end":{"line":66,"column":69}},"34":{"start":{"line":69,"column":12},"end":{"line":69,"column":33}},"35":{"start":{"line":71,"column":20},"end":{"line":71,"column":69}},"36":{"start":{"line":72,"column":26},"end":{"line":72,"column":65}},"37":{"start":{"line":75,"column":0},"end":{"line":98,"column":3}},"38":{"start":{"line":76,"column":19},"end":{"line":76,"column":29}},"39":{"start":{"line":77,"column":23},"end":{"line":77,"column":31}},"40":{"start":{"line":79,"column":4},"end":{"line":97,"column":67}},"41":{"start":{"line":82,"column":34},"end":{"line":82,"column":84}},"42":{"start":{"line":82,"column":64},"end":{"line":82,"column":83}},"43":{"start":{"line":85,"column":12},"end":{"line":94,"column":13}},"44":{"start":{"line":86,"column":16},"end":{"line":86,"column":56}},"45":{"start":{"line":89,"column":36},"end":{"line":89,"column":92}},"46":{"start":{"line":89,"column":72},"end":{"line":89,"column":88}},"47":{"start":{"line":90,"column":16},"end":{"line":90,"column":105}},"48":{"start":{"line":93,"column":16},"end":{"line":93,"column":37}},"49":{"start":{"line":96,"column":20},"end":{"line":96,"column":60}},"50":{"start":{"line":97,"column":26},"end":{"line":97,"column":65}},"51":{"start":{"line":101,"column":0},"end":{"line":112,"column":3}},"52":{"start":{"line":102,"column":19},"end":{"line":102,"column":29}},"53":{"start":{"line":103,"column":4},"end":{"line":111,"column":79}},"54":{"start":{"line":106,"column":12},"end":{"line":108,"column":13}},"55":{"start":{"line":107,"column":16},"end":{"line":107,"column":93}},"56":{"start":{"line":109,"column":12},"end":{"line":109,"column":37}},"57":{"start":{"line":111,"column":26},"end":{"line":111,"column":77}},"58":{"start":{"line":115,"column":0},"end":{"line":129,"column":3}},"59":{"start":{"line":116,"column":19},"end":{"line":116,"column":29}},"60":{"start":{"line":117,"column":23},"end":{"line":117,"column":31}},"61":{"start":{"line":119,"column":4},"end":{"line":128,"column":5}},"62":{"start":{"line":120,"column":28},"end":{"line":124,"column":9}},"63":{"start":{"line":125,"column":8},"end":{"line":125,"column":30}},"64":{"start":{"line":127,"column":8},"end":{"line":127,"column":49}},"65":{"start":{"line":131,"column":0},"end":{"line":131,"column":24}}},"fnMap":{"0":{"name":"(anonymous_0)","decl":{"start":{"line":9,"column":23},"end":{"line":9,"column":24}},"loc":{"start":{"line":9,"column":37},"end":{"line":18,"column":1}},"line":9},"1":{"name":"(anonymous_1)","decl":{"start":{"line":13,"column":12},"end":{"line":13,"column":13}},"loc":{"start":{"line":13,"column":22},"end":{"line":13,"column":36}},"line":13},"2":{"name":"(anonymous_2)","decl":{"start":{"line":14,"column":13},"end":{"line":14,"column":14}},"loc":{"start":{"line":14,"column":24},"end":{"line":17,"column":7}},"line":14},"3":{"name":"(anonymous_3)","decl":{"start":{"line":21,"column":22},"end":{"line":21,"column":23}},"loc":{"start":{"line":21,"column":36},"end":{"line":26,"column":1}},"line":21},"4":{"name":"(anonymous_4)","decl":{"start":{"line":24,"column":10},"end":{"line":24,"column":11}},"loc":{"start":{"line":24,"column":20},"end":{"line":24,"column":34}},"line":24},"5":{"name":"(anonymous_5)","decl":{"start":{"line":25,"column":11},"end":{"line":25,"column":12}},"loc":{"start":{"line":25,"column":22},"end":{"line":25,"column":50}},"line":25},"6":{"name":"(anonymous_6)","decl":{"start":{"line":29,"column":26},"end":{"line":29,"column":27}},"loc":{"start":{"line":29,"column":40},"end":{"line":35,"column":1}},"line":29},"7":{"name":"(anonymous_7)","decl":{"start":{"line":33,"column":10},"end":{"line":33,"column":11}},"loc":{"start":{"line":33,"column":20},"end":{"line":33,"column":34}},"line":33},"8":{"name":"(anonymous_8)","decl":{"start":{"line":34,"column":11},"end":{"line":34,"column":12}},"loc":{"start":{"line":34,"column":22},"end":{"line":34,"column":50}},"line":34},"9":{"name":"(anonymous_9)","decl":{"start":{"line":37,"column":27},"end":{"line":37,"column":28}},"loc":{"start":{"line":37,"column":41},"end":{"line":45,"column":1}},"line":37},"10":{"name":"(anonymous_10)","decl":{"start":{"line":43,"column":14},"end":{"line":43,"column":15}},"loc":{"start":{"line":43,"column":24},"end":{"line":43,"column":52}},"line":43},"11":{"name":"(anonymous_11)","decl":{"start":{"line":44,"column":15},"end":{"line":44,"column":16}},"loc":{"start":{"line":44,"column":26},"end":{"line":44,"column":54}},"line":44},"12":{"name":"(anonymous_12)","decl":{"start":{"line":49,"column":35},"end":{"line":49,"column":36}},"loc":{"start":{"line":49,"column":49},"end":{"line":73,"column":1}},"line":49},"13":{"name":"(anonymous_13)","decl":{"start":{"line":54,"column":14},"end":{"line":54,"column":15}},"loc":{"start":{"line":54,"column":26},"end":{"line":70,"column":9}},"line":54},"14":{"name":"(anonymous_14)","decl":{"start":{"line":56,"column":59},"end":{"line":56,"column":60}},"loc":{"start":{"line":56,"column":64},"end":{"line":56,"column":83}},"line":56},"15":{"name":"(anonymous_15)","decl":{"start":{"line":65,"column":54},"end":{"line":65,"column":55}},"loc":{"start":{"line":65,"column":68},"end":{"line":65,"column":84}},"line":65},"16":{"name":"(anonymous_16)","decl":{"start":{"line":71,"column":14},"end":{"line":71,"column":15}},"loc":{"start":{"line":71,"column":20},"end":{"line":71,"column":69}},"line":71},"17":{"name":"(anonymous_17)","decl":{"start":{"line":72,"column":15},"end":{"line":72,"column":16}},"loc":{"start":{"line":72,"column":26},"end":{"line":72,"column":65}},"line":72},"18":{"name":"(anonymous_18)","decl":{"start":{"line":75,"column":37},"end":{"line":75,"column":38}},"loc":{"start":{"line":75,"column":51},"end":{"line":98,"column":1}},"line":75},"19":{"name":"(anonymous_19)","decl":{"start":{"line":80,"column":14},"end":{"line":80,"column":15}},"loc":{"start":{"line":80,"column":26},"end":{"line":95,"column":9}},"line":80},"20":{"name":"(anonymous_20)","decl":{"start":{"line":82,"column":59},"end":{"line":82,"column":60}},"loc":{"start":{"line":82,"column":64},"end":{"line":82,"column":83}},"line":82},"21":{"name":"(anonymous_21)","decl":{"start":{"line":89,"column":58},"end":{"line":89,"column":59}},"loc":{"start":{"line":89,"column":72},"end":{"line":89,"column":88}},"line":89},"22":{"name":"(anonymous_22)","decl":{"start":{"line":96,"column":14},"end":{"line":96,"column":15}},"loc":{"start":{"line":96,"column":20},"end":{"line":96,"column":60}},"line":96},"23":{"name":"(anonymous_23)","decl":{"start":{"line":97,"column":15},"end":{"line":97,"column":16}},"loc":{"start":{"line":97,"column":26},"end":{"line":97,"column":65}},"line":97},"24":{"name":"(anonymous_24)","decl":{"start":{"line":101,"column":34},"end":{"line":101,"column":35}},"loc":{"start":{"line":101,"column":48},"end":{"line":112,"column":1}},"line":101},"25":{"name":"(anonymous_25)","decl":{"start":{"line":105,"column":14},"end":{"line":105,"column":15}},"loc":{"start":{"line":105,"column":26},"end":{"line":110,"column":9}},"line":105},"26":{"name":"(anonymous_26)","decl":{"start":{"line":111,"column":15},"end":{"line":111,"column":16}},"loc":{"start":{"line":111,"column":26},"end":{"line":111,"column":77}},"line":111},"27":{"name":"(anonymous_27)","decl":{"start":{"line":115,"column":26},"end":{"line":115,"column":27}},"loc":{"start":{"line":115,"column":46},"end":{"line":129,"column":1}},"line":115}},"branchMap":{"0":{"loc":{"start":{"line":57,"column":12},"end":{"line":59,"column":13}},"type":"if","locations":[{"start":{"line":57,"column":12},"end":{"line":59,"column":13}},{"start":{},"end":{}}],"line":57},"1":{"loc":{"start":{"line":85,"column":12},"end":{"line":94,"column":13}},"type":"if","locations":[{"start":{"line":85,"column":12},"end":{"line":94,"column":13}},{"start":{},"end":{}}],"line":85},"2":{"loc":{"start":{"line":90,"column":37},"end":{"line":90,"column":104}},"type":"cond-expr","locations":[{"start":{"line":90,"column":65},"end":{"line":90,"column":100}},{"start":{"line":90,"column":103},"end":{"line":90,"column":104}}],"line":90},"3":{"loc":{"start":{"line":106,"column":12},"end":{"line":108,"column":13}},"type":"if","locations":[{"start":{"line":106,"column":12},"end":{"line":108,"column":13}},{"start":{},"end":{}}],"line":106}},"s":{"0":1,"1":1,"2":1,"3":1,"4":1,"5":1,"6":1,"7":0,"8":0,"9":1,"10":1,"11":1,"12":0,"13":1,"14":1,"15":1,"16":1,"17":0,"18":1,"19":1,"20":1,"21":0,"22":1,"23":1,"24":1,"25":1,"26":1,"27":1,"28":1,"29":1,"30":1,"31":1,"32":1,"33":1,"34":1,"35":0,"36":1,"37":1,"38":1,"39":1,"40":1,"41":1,"42":1,"43":1,"44":1,"45":1,"46":0,"47":1,"48":1,"49":0,"50":1,"51":1,"52":1,"53":1,"54":1,"55":0,"56":1,"57":0,"58":1,"59":1,"60":1,"61":1,"62":1,"63":1,"64":0,"65":1},"f":{"0":1,"1":1,"2":0,"3":1,"4":1,"5":0,"6":1,"7":1,"8":0,"9":1,"10":1,"11":0,"12":1,"13":1,"14":1,"15":1,"16":0,"17":1,"18":1,"19":1,"20":1,"21":0,"22":0,"23":1,"24":1,"25":1,"26":0,"27":1},"b":{"0":[1,0],"1":[1,0],"2":[0,1],"3":[0,1]},"_coverageSchema":"1a1c01bbd47fc00a2c39e90264f33305004495a9","hash":"673988c6d4bdb935385b89b654605749b7f3675a"}
}
