{"C:\\Users\\Mox\\Documents\\Github Repos\\VitrinaStare.js-BE\\src\\models\\comment.js": {"path":"C:\\Users\\Mox\\Documents\\Github Repos\\VitrinaStare.js-BE\\src\\models\\comment.js","statementMap":{"0":{"start":{"line":4,"column":22},"end":{"line":46,"column":24}}},"fnMap":{},"branchMap":{},"s":{"0":1},"f":{},"b":{},"_coverageSchema":"1a1c01bbd47fc00a2c39e90264f33305004495a9","hash":"b0f45b4fd2cb88bd83ebcf617111cf2fc86bfbf0"}
,"C:\\Users\\Mox\\Documents\\Github Repos\\VitrinaStare.js-BE\\src\\models\\release.js": {"path":"C:\\Users\\Mox\\Documents\\Github Repos\\VitrinaStare.js-BE\\src\\models\\release.js","statementMap":{"0":{"start":{"line":5,"column":22},"end":{"line":46,"column":24}}},"fnMap":{},"branchMap":{},"s":{"0":2},"f":{},"b":{},"_coverageSchema":"1a1c01bbd47fc00a2c39e90264f33305004495a9","hash":"ed6ec5d9ceaf35fe1413690b39dec94d7343d8a4"}
,"C:\\Users\\Mox\\Documents\\Github Repos\\VitrinaStare.js-BE\\src\\models\\repository.js": {"path":"C:\\Users\\Mox\\Documents\\Github Repos\\VitrinaStare.js-BE\\src\\models\\repository.js","statementMap":{"0":{"start":{"line":4,"column":25},"end":{"line":117,"column":24}}},"fnMap":{},"branchMap":{},"s":{"0":1},"f":{},"b":{},"_coverageSchema":"1a1c01bbd47fc00a2c39e90264f33305004495a9","hash":"828693b369360b8508d4f28cc31022c0b6106669"}
,"C:\\Users\\Mox\\Documents\\Github Repos\\VitrinaStare.js-BE\\src\\models\\user.js": {"path":"C:\\Users\\Mox\\Documents\\Github Repos\\VitrinaStare.js-BE\\src\\models\\user.js","statementMap":{"0":{"start":{"line":5,"column":19},"end":{"line":69,"column":24}},"1":{"start":{"line":72,"column":0},"end":{"line":84,"column":3}},"2":{"start":{"line":73,"column":2},"end":{"line":83,"column":3}},"3":{"start":{"line":74,"column":4},"end":{"line":80,"column":5}},"4":{"start":{"line":75,"column":19},"end":{"line":75,"column":43}},"5":{"start":{"line":76,"column":6},"end":{"line":76,"column":61}},"6":{"start":{"line":77,"column":6},"end":{"line":77,"column":13}},"7":{"start":{"line":79,"column":6},"end":{"line":79,"column":18}},"8":{"start":{"line":82,"column":4},"end":{"line":82,"column":11}}},"fnMap":{"0":{"name":"(anonymous_0)","decl":{"start":{"line":72,"column":23},"end":{"line":72,"column":24}},"loc":{"start":{"line":72,"column":45},"end":{"line":84,"column":1}},"line":72}},"branchMap":{"0":{"loc":{"start":{"line":73,"column":2},"end":{"line":83,"column":3}},"type":"if","locations":[{"start":{"line":73,"column":2},"end":{"line":83,"column":3}},{"start":{"line":81,"column":9},"end":{"line":83,"column":3}}],"line":73},"1":{"loc":{"start":{"line":73,"column":6},"end":{"line":73,"column":47}},"type":"binary-expr","locations":[{"start":{"line":73,"column":6},"end":{"line":73,"column":33}},{"start":{"line":73,"column":37},"end":{"line":73,"column":47}}],"line":73}},"s":{"0":1,"1":1,"2":0,"3":0,"4":0,"5":0,"6":0,"7":0,"8":0},"f":{"0":0},"b":{"0":[0,0],"1":[0,0]},"_coverageSchema":"1a1c01bbd47fc00a2c39e90264f33305004495a9","hash":"d0efeb572ebed95c731832fbc43054acf68aa74a"}
,"C:\\Users\\Mox\\Documents\\Github Repos\\VitrinaStare.js-BE\\src\\models\\verification.js": {"path":"C:\\Users\\Mox\\Documents\\Github Repos\\VitrinaStare.js-BE\\src\\models\\verification.js","statementMap":{"0":{"start":{"line":4,"column":27},"end":{"line":42,"column":24}}},"fnMap":{},"branchMap":{},"s":{"0":2},"f":{},"b":{},"_coverageSchema":"1a1c01bbd47fc00a2c39e90264f33305004495a9","hash":"b0cd0dee9c03d92fc3db21ac4bff5b2f36849b42"}
,"C:\\Users\\Mox\\Documents\\Github Repos\\VitrinaStare.js-BE\\src\\routes\\comment.routes.js": {"path":"C:\\Users\\Mox\\Documents\\Github Repos\\VitrinaStare.js-BE\\src\\routes\\comment.routes.js","statementMap":{"0":{"start":{"line":5,"column":15},"end":{"line":5,"column":31}},"1":{"start":{"line":10,"column":0},"end":{"line":18,"column":3}},"2":{"start":{"line":11,"column":2},"end":{"line":17,"column":3}},"3":{"start":{"line":12,"column":20},"end":{"line":12,"column":47}},"4":{"start":{"line":13,"column":25},"end":{"line":13,"column":45}},"5":{"start":{"line":14,"column":4},"end":{"line":14,"column":81}},"6":{"start":{"line":16,"column":4},"end":{"line":16,"column":70}},"7":{"start":{"line":21,"column":0},"end":{"line":28,"column":3}},"8":{"start":{"line":22,"column":2},"end":{"line":27,"column":3}},"9":{"start":{"line":23,"column":21},"end":{"line":23,"column":47}},"10":{"start":{"line":24,"column":4},"end":{"line":24,"column":80}},"11":{"start":{"line":26,"column":4},"end":{"line":26,"column":73}},"12":{"start":{"line":31,"column":0},"end":{"line":41,"column":3}},"13":{"start":{"line":32,"column":2},"end":{"line":40,"column":3}},"14":{"start":{"line":33,"column":20},"end":{"line":33,"column":63}},"15":{"start":{"line":34,"column":4},"end":{"line":36,"column":5}},"16":{"start":{"line":35,"column":6},"end":{"line":35,"column":83}},"17":{"start":{"line":37,"column":4},"end":{"line":37,"column":78}},"18":{"start":{"line":39,"column":4},"end":{"line":39,"column":72}},"19":{"start":{"line":44,"column":0},"end":{"line":51,"column":3}},"20":{"start":{"line":45,"column":2},"end":{"line":50,"column":3}},"21":{"start":{"line":46,"column":21},"end":{"line":46,"column":88}},"22":{"start":{"line":47,"column":4},"end":{"line":47,"column":95}},"23":{"start":{"line":49,"column":4},"end":{"line":49,"column":88}},"24":{"start":{"line":54,"column":0},"end":{"line":61,"column":3}},"25":{"start":{"line":55,"column":2},"end":{"line":60,"column":3}},"26":{"start":{"line":56,"column":21},"end":{"line":56,"column":79}},"27":{"start":{"line":57,"column":4},"end":{"line":57,"column":91}},"28":{"start":{"line":59,"column":4},"end":{"line":59,"column":83}},"29":{"start":{"line":64,"column":0},"end":{"line":74,"column":3}},"30":{"start":{"line":65,"column":2},"end":{"line":73,"column":3}},"31":{"start":{"line":66,"column":27},"end":{"line":66,"column":79}},"32":{"start":{"line":67,"column":4},"end":{"line":69,"column":5}},"33":{"start":{"line":68,"column":6},"end":{"line":68,"column":83}},"34":{"start":{"line":70,"column":4},"end":{"line":70,"column":83}},"35":{"start":{"line":72,"column":4},"end":{"line":72,"column":70}},"36":{"start":{"line":77,"column":0},"end":{"line":92,"column":3}},"37":{"start":{"line":78,"column":2},"end":{"line":91,"column":3}},"38":{"start":{"line":79,"column":65},"end":{"line":79,"column":73}},"39":{"start":{"line":80,"column":27},"end":{"line":84,"column":5}},"40":{"start":{"line":85,"column":4},"end":{"line":87,"column":5}},"41":{"start":{"line":86,"column":6},"end":{"line":86,"column":83}},"42":{"start":{"line":88,"column":4},"end":{"line":88,"column":83}},"43":{"start":{"line":90,"column":4},"end":{"line":90,"column":70}}},"fnMap":{"0":{"name":"(anonymous_0)","decl":{"start":{"line":10,"column":25},"end":{"line":10,"column":26}},"loc":{"start":{"line":10,"column":45},"end":{"line":18,"column":1}},"line":10},"1":{"name":"(anonymous_1)","decl":{"start":{"line":21,"column":24},"end":{"line":21,"column":25}},"loc":{"start":{"line":21,"column":44},"end":{"line":28,"column":1}},"line":21},"2":{"name":"(anonymous_2)","decl":{"start":{"line":31,"column":28},"end":{"line":31,"column":29}},"loc":{"start":{"line":31,"column":48},"end":{"line":41,"column":1}},"line":31},"3":{"name":"(anonymous_3)","decl":{"start":{"line":44,"column":49},"end":{"line":44,"column":50}},"loc":{"start":{"line":44,"column":69},"end":{"line":51,"column":1}},"line":44},"4":{"name":"(anonymous_4)","decl":{"start":{"line":54,"column":37},"end":{"line":54,"column":38}},"loc":{"start":{"line":54,"column":57},"end":{"line":61,"column":1}},"line":54},"5":{"name":"(anonymous_5)","decl":{"start":{"line":64,"column":31},"end":{"line":64,"column":32}},"loc":{"start":{"line":64,"column":51},"end":{"line":74,"column":1}},"line":64},"6":{"name":"(anonymous_6)","decl":{"start":{"line":77,"column":28},"end":{"line":77,"column":29}},"loc":{"start":{"line":77,"column":48},"end":{"line":92,"column":1}},"line":77}},"branchMap":{"0":{"loc":{"start":{"line":34,"column":4},"end":{"line":36,"column":5}},"type":"if","locations":[{"start":{"line":34,"column":4},"end":{"line":36,"column":5}},{"start":{},"end":{}}],"line":34},"1":{"loc":{"start":{"line":67,"column":4},"end":{"line":69,"column":5}},"type":"if","locations":[{"start":{"line":67,"column":4},"end":{"line":69,"column":5}},{"start":{},"end":{}}],"line":67},"2":{"loc":{"start":{"line":85,"column":4},"end":{"line":87,"column":5}},"type":"if","locations":[{"start":{"line":85,"column":4},"end":{"line":87,"column":5}},{"start":{},"end":{}}],"line":85}},"s":{"0":1,"1":1,"2":1,"3":1,"4":1,"5":1,"6":0,"7":1,"8":1,"9":1,"10":1,"11":0,"12":1,"13":1,"14":1,"15":1,"16":0,"17":1,"18":0,"19":1,"20":1,"21":1,"22":1,"23":0,"24":1,"25":1,"26":1,"27":1,"28":0,"29":1,"30":1,"31":1,"32":1,"33":0,"34":1,"35":0,"36":1,"37":1,"38":1,"39":1,"40":1,"41":0,"42":1,"43":0},"f":{"0":1,"1":1,"2":1,"3":1,"4":1,"5":1,"6":1},"b":{"0":[0,1],"1":[0,1],"2":[0,1]},"_coverageSchema":"1a1c01bbd47fc00a2c39e90264f33305004495a9","hash":"bd7d527f427c8e760bba69f95e47d8d3c62e491e"}
,"C:\\Users\\Mox\\Documents\\Github Repos\\VitrinaStare.js-BE\\src\\routes\\release.routes.js": {"path":"C:\\Users\\Mox\\Documents\\Github Repos\\VitrinaStare.js-BE\\src\\routes\\release.routes.js","statementMap":{"0":{"start":{"line":5,"column":15},"end":{"line":5,"column":31}},"1":{"start":{"line":10,"column":0},"end":{"line":18,"column":3}},"2":{"start":{"line":11,"column":4},"end":{"line":17,"column":5}},"3":{"start":{"line":12,"column":24},"end":{"line":12,"column":51}},"4":{"start":{"line":13,"column":29},"end":{"line":13,"column":49}},"5":{"start":{"line":14,"column":8},"end":{"line":14,"column":85}},"6":{"start":{"line":16,"column":8},"end":{"line":16,"column":74}},"7":{"start":{"line":21,"column":0},"end":{"line":28,"column":3}},"8":{"start":{"line":22,"column":4},"end":{"line":27,"column":5}},"9":{"start":{"line":23,"column":25},"end":{"line":23,"column":51}},"10":{"start":{"line":24,"column":8},"end":{"line":24,"column":84}},"11":{"start":{"line":26,"column":8},"end":{"line":26,"column":77}},"12":{"start":{"line":31,"column":0},"end":{"line":39,"column":3}},"13":{"start":{"line":32,"column":19},"end":{"line":32,"column":29}},"14":{"start":{"line":33,"column":4},"end":{"line":38,"column":5}},"15":{"start":{"line":34,"column":24},"end":{"line":34,"column":56}},"16":{"start":{"line":35,"column":8},"end":{"line":35,"column":82}},"17":{"start":{"line":37,"column":8},"end":{"line":37,"column":76}},"18":{"start":{"line":43,"column":0},"end":{"line":51,"column":3}},"19":{"start":{"line":44,"column":29},"end":{"line":44,"column":39}},"20":{"start":{"line":45,"column":4},"end":{"line":50,"column":5}},"21":{"start":{"line":46,"column":25},"end":{"line":46,"column":67}},"22":{"start":{"line":47,"column":8},"end":{"line":47,"column":84}},"23":{"start":{"line":49,"column":8},"end":{"line":49,"column":92}},"24":{"start":{"line":54,"column":0},"end":{"line":62,"column":3}},"25":{"start":{"line":55,"column":19},"end":{"line":55,"column":29}},"26":{"start":{"line":56,"column":4},"end":{"line":61,"column":5}},"27":{"start":{"line":57,"column":23},"end":{"line":57,"column":65}},"28":{"start":{"line":58,"column":8},"end":{"line":58,"column":79}},"29":{"start":{"line":60,"column":8},"end":{"line":60,"column":74}},"30":{"start":{"line":65,"column":0},"end":{"line":78,"column":3}},"31":{"start":{"line":66,"column":19},"end":{"line":66,"column":29}},"32":{"start":{"line":67,"column":23},"end":{"line":67,"column":31}},"33":{"start":{"line":69,"column":4},"end":{"line":77,"column":5}},"34":{"start":{"line":70,"column":23},"end":{"line":73,"column":9}},"35":{"start":{"line":74,"column":8},"end":{"line":74,"column":79}},"36":{"start":{"line":76,"column":8},"end":{"line":76,"column":74}},"37":{"start":{"line":83,"column":0},"end":{"line":92,"column":3}},"38":{"start":{"line":84,"column":4},"end":{"line":91,"column":5}},"39":{"start":{"line":85,"column":24},"end":{"line":85,"column":67}},"40":{"start":{"line":86,"column":8},"end":{"line":86,"column":40}},"41":{"start":{"line":87,"column":24},"end":{"line":87,"column":44}},"42":{"start":{"line":88,"column":8},"end":{"line":88,"column":75}},"43":{"start":{"line":90,"column":8},"end":{"line":90,"column":70}},"44":{"start":{"line":95,"column":0},"end":{"line":106,"column":3}},"45":{"start":{"line":96,"column":4},"end":{"line":105,"column":5}},"46":{"start":{"line":97,"column":24},"end":{"line":101,"column":9}},"47":{"start":{"line":102,"column":8},"end":{"line":102,"column":75}},"48":{"start":{"line":104,"column":8},"end":{"line":104,"column":81}},"49":{"start":{"line":109,"column":0},"end":{"line":119,"column":3}},"50":{"start":{"line":110,"column":4},"end":{"line":118,"column":5}},"51":{"start":{"line":111,"column":24},"end":{"line":111,"column":74}},"52":{"start":{"line":112,"column":8},"end":{"line":112,"column":74}},"53":{"start":{"line":112,"column":22},"end":{"line":112,"column":74}},"54":{"start":{"line":113,"column":23},"end":{"line":113,"column":89}},"55":{"start":{"line":113,"column":50},"end":{"line":113,"column":88}},"56":{"start":{"line":114,"column":8},"end":{"line":114,"column":72}},"57":{"start":{"line":114,"column":21},"end":{"line":114,"column":72}},"58":{"start":{"line":115,"column":8},"end":{"line":115,"column":98}},"59":{"start":{"line":117,"column":8},"end":{"line":117,"column":75}},"60":{"start":{"line":126,"column":0},"end":{"line":150,"column":3}},"61":{"start":{"line":127,"column":4},"end":{"line":149,"column":5}},"62":{"start":{"line":128,"column":24},"end":{"line":128,"column":75}},"63":{"start":{"line":129,"column":23},"end":{"line":129,"column":63}},"64":{"start":{"line":130,"column":8},"end":{"line":130,"column":29}},"65":{"start":{"line":133,"column":30},"end":{"line":135,"column":9}},"66":{"start":{"line":134,"column":24},"end":{"line":134,"column":65}},"67":{"start":{"line":136,"column":8},"end":{"line":139,"column":9}},"68":{"start":{"line":137,"column":12},"end":{"line":137,"column":66}},"69":{"start":{"line":138,"column":12},"end":{"line":138,"column":88}},"70":{"start":{"line":142,"column":26},"end":{"line":142,"column":90}},"71":{"start":{"line":142,"column":62},"end":{"line":142,"column":86}},"72":{"start":{"line":143,"column":8},"end":{"line":143,"column":67}},"73":{"start":{"line":145,"column":24},"end":{"line":145,"column":44}},"74":{"start":{"line":146,"column":8},"end":{"line":146,"column":93}},"75":{"start":{"line":148,"column":8},"end":{"line":148,"column":73}},"76":{"start":{"line":155,"column":0},"end":{"line":164,"column":3}},"77":{"start":{"line":156,"column":4},"end":{"line":163,"column":5}},"78":{"start":{"line":157,"column":23},"end":{"line":159,"column":37}},"79":{"start":{"line":160,"column":8},"end":{"line":160,"column":84}},"80":{"start":{"line":162,"column":8},"end":{"line":162,"column":92}}},"fnMap":{"0":{"name":"(anonymous_0)","decl":{"start":{"line":10,"column":24},"end":{"line":10,"column":25}},"loc":{"start":{"line":10,"column":44},"end":{"line":18,"column":1}},"line":10},"1":{"name":"(anonymous_1)","decl":{"start":{"line":21,"column":23},"end":{"line":21,"column":24}},"loc":{"start":{"line":21,"column":43},"end":{"line":28,"column":1}},"line":21},"2":{"name":"(anonymous_2)","decl":{"start":{"line":31,"column":27},"end":{"line":31,"column":28}},"loc":{"start":{"line":31,"column":47},"end":{"line":39,"column":1}},"line":31},"3":{"name":"(anonymous_3)","decl":{"start":{"line":43,"column":48},"end":{"line":43,"column":49}},"loc":{"start":{"line":43,"column":68},"end":{"line":51,"column":1}},"line":43},"4":{"name":"(anonymous_4)","decl":{"start":{"line":54,"column":30},"end":{"line":54,"column":31}},"loc":{"start":{"line":54,"column":50},"end":{"line":62,"column":1}},"line":54},"5":{"name":"(anonymous_5)","decl":{"start":{"line":65,"column":27},"end":{"line":65,"column":28}},"loc":{"start":{"line":65,"column":47},"end":{"line":78,"column":1}},"line":65},"6":{"name":"(anonymous_6)","decl":{"start":{"line":83,"column":38},"end":{"line":83,"column":39}},"loc":{"start":{"line":83,"column":58},"end":{"line":92,"column":1}},"line":83},"7":{"name":"(anonymous_7)","decl":{"start":{"line":95,"column":35},"end":{"line":95,"column":36}},"loc":{"start":{"line":95,"column":55},"end":{"line":106,"column":1}},"line":95},"8":{"name":"(anonymous_8)","decl":{"start":{"line":109,"column":53},"end":{"line":109,"column":54}},"loc":{"start":{"line":109,"column":73},"end":{"line":119,"column":1}},"line":109},"9":{"name":"(anonymous_9)","decl":{"start":{"line":113,"column":45},"end":{"line":113,"column":46}},"loc":{"start":{"line":113,"column":50},"end":{"line":113,"column":88}},"line":113},"10":{"name":"(anonymous_10)","decl":{"start":{"line":126,"column":44},"end":{"line":126,"column":45}},"loc":{"start":{"line":126,"column":64},"end":{"line":150,"column":1}},"line":126},"11":{"name":"(anonymous_11)","decl":{"start":{"line":134,"column":12},"end":{"line":134,"column":13}},"loc":{"start":{"line":134,"column":24},"end":{"line":134,"column":65}},"line":134},"12":{"name":"(anonymous_12)","decl":{"start":{"line":142,"column":50},"end":{"line":142,"column":51}},"loc":{"start":{"line":142,"column":62},"end":{"line":142,"column":86}},"line":142},"13":{"name":"(anonymous_13)","decl":{"start":{"line":155,"column":44},"end":{"line":155,"column":45}},"loc":{"start":{"line":155,"column":64},"end":{"line":164,"column":1}},"line":155}},"branchMap":{"0":{"loc":{"start":{"line":112,"column":8},"end":{"line":112,"column":74}},"type":"if","locations":[{"start":{"line":112,"column":8},"end":{"line":112,"column":74}},{"start":{},"end":{}}],"line":112},"1":{"loc":{"start":{"line":114,"column":8},"end":{"line":114,"column":72}},"type":"if","locations":[{"start":{"line":114,"column":8},"end":{"line":114,"column":72}},{"start":{},"end":{}}],"line":114},"2":{"loc":{"start":{"line":134,"column":31},"end":{"line":134,"column":64}},"type":"cond-expr","locations":[{"start":{"line":134,"column":59},"end":{"line":134,"column":60}},{"start":{"line":134,"column":63},"end":{"line":134,"column":64}}],"line":134},"3":{"loc":{"start":{"line":134,"column":31},"end":{"line":134,"column":56}},"type":"binary-expr","locations":[{"start":{"line":134,"column":31},"end":{"line":134,"column":43}},{"start":{"line":134,"column":47},"end":{"line":134,"column":56}}],"line":134},"4":{"loc":{"start":{"line":136,"column":8},"end":{"line":139,"column":9}},"type":"if","locations":[{"start":{"line":136,"column":8},"end":{"line":139,"column":9}},{"start":{},"end":{}}],"line":136},"5":{"loc":{"start":{"line":142,"column":69},"end":{"line":142,"column":85}},"type":"cond-expr","locations":[{"start":{"line":142,"column":80},"end":{"line":142,"column":81}},{"start":{"line":142,"column":84},"end":{"line":142,"column":85}}],"line":142}},"s":{"0":1,"1":1,"2":1,"3":1,"4":1,"5":1,"6":0,"7":1,"8":1,"9":1,"10":1,"11":0,"12":1,"13":1,"14":1,"15":1,"16":1,"17":0,"18":1,"19":1,"20":1,"21":1,"22":1,"23":0,"24":1,"25":1,"26":1,"27":1,"28":1,"29":0,"30":1,"31":1,"32":1,"33":1,"34":1,"35":1,"36":0,"37":1,"38":1,"39":1,"40":1,"41":1,"42":1,"43":0,"44":1,"45":1,"46":1,"47":1,"48":0,"49":1,"50":0,"51":0,"52":0,"53":0,"54":0,"55":0,"56":0,"57":0,"58":0,"59":0,"60":1,"61":0,"62":0,"63":0,"64":0,"65":0,"66":0,"67":0,"68":0,"69":0,"70":0,"71":0,"72":0,"73":0,"74":0,"75":0,"76":1,"77":0,"78":0,"79":0,"80":0},"f":{"0":1,"1":1,"2":1,"3":1,"4":1,"5":1,"6":1,"7":1,"8":0,"9":0,"10":0,"11":0,"12":0,"13":0},"b":{"0":[0,0],"1":[0,0],"2":[0,0],"3":[0,0],"4":[0,0],"5":[0,0]},"_coverageSchema":"1a1c01bbd47fc00a2c39e90264f33305004495a9","hash":"5005a991591c48c939d927b57833b36627f9bd1d"}
,"C:\\Users\\Mox\\Documents\\Github Repos\\VitrinaStare.js-BE\\src\\routes\\repository.routes.js": {"path":"C:\\Users\\Mox\\Documents\\Github Repos\\VitrinaStare.js-BE\\src\\routes\\repository.routes.js","statementMap":{"0":{"start":{"line":6,"column":15},"end":{"line":6,"column":31}},"1":{"start":{"line":11,"column":0},"end":{"line":19,"column":3}},"2":{"start":{"line":12,"column":2},"end":{"line":18,"column":3}},"3":{"start":{"line":13,"column":23},"end":{"line":13,"column":53}},"4":{"start":{"line":14,"column":22},"end":{"line":14,"column":45}},"5":{"start":{"line":15,"column":4},"end":{"line":15,"column":80}},"6":{"start":{"line":17,"column":4},"end":{"line":17,"column":72}},"7":{"start":{"line":22,"column":0},"end":{"line":29,"column":3}},"8":{"start":{"line":23,"column":2},"end":{"line":28,"column":3}},"9":{"start":{"line":24,"column":18},"end":{"line":24,"column":47}},"10":{"start":{"line":25,"column":4},"end":{"line":25,"column":84}},"11":{"start":{"line":27,"column":4},"end":{"line":27,"column":76}},"12":{"start":{"line":32,"column":0},"end":{"line":43,"column":3}},"13":{"start":{"line":33,"column":17},"end":{"line":33,"column":27}},"14":{"start":{"line":34,"column":2},"end":{"line":42,"column":3}},"15":{"start":{"line":35,"column":17},"end":{"line":35,"column":52}},"16":{"start":{"line":36,"column":4},"end":{"line":38,"column":5}},"17":{"start":{"line":37,"column":6},"end":{"line":37,"column":75}},"18":{"start":{"line":39,"column":4},"end":{"line":39,"column":78}},"19":{"start":{"line":41,"column":4},"end":{"line":41,"column":74}},"20":{"start":{"line":46,"column":0},"end":{"line":63,"column":3}},"21":{"start":{"line":47,"column":17},"end":{"line":47,"column":27}},"22":{"start":{"line":48,"column":21},"end":{"line":48,"column":29}},"23":{"start":{"line":50,"column":2},"end":{"line":62,"column":3}},"24":{"start":{"line":51,"column":24},"end":{"line":55,"column":5}},"25":{"start":{"line":56,"column":4},"end":{"line":58,"column":5}},"26":{"start":{"line":57,"column":6},"end":{"line":57,"column":75}},"27":{"start":{"line":59,"column":4},"end":{"line":59,"column":69}},"28":{"start":{"line":61,"column":4},"end":{"line":61,"column":72}},"29":{"start":{"line":66,"column":0},"end":{"line":74,"column":3}},"30":{"start":{"line":67,"column":21},"end":{"line":67,"column":31}},"31":{"start":{"line":68,"column":2},"end":{"line":73,"column":3}},"32":{"start":{"line":69,"column":18},"end":{"line":69,"column":57}},"33":{"start":{"line":70,"column":4},"end":{"line":70,"column":78}},"34":{"start":{"line":72,"column":4},"end":{"line":72,"column":87}},"35":{"start":{"line":79,"column":0},"end":{"line":89,"column":3}},"36":{"start":{"line":80,"column":2},"end":{"line":88,"column":3}},"37":{"start":{"line":81,"column":19},"end":{"line":84,"column":6}},"38":{"start":{"line":85,"column":4},"end":{"line":85,"column":88}},"39":{"start":{"line":87,"column":4},"end":{"line":87,"column":75}},"40":{"start":{"line":94,"column":0},"end":{"line":120,"column":3}},"41":{"start":{"line":95,"column":17},"end":{"line":95,"column":27}},"42":{"start":{"line":96,"column":29},"end":{"line":96,"column":37}},"43":{"start":{"line":98,"column":2},"end":{"line":119,"column":3}},"44":{"start":{"line":99,"column":23},"end":{"line":99,"column":58}},"45":{"start":{"line":100,"column":4},"end":{"line":102,"column":5}},"46":{"start":{"line":101,"column":6},"end":{"line":101,"column":75}},"47":{"start":{"line":104,"column":26},"end":{"line":104,"column":82}},"48":{"start":{"line":104,"column":62},"end":{"line":104,"column":81}},"49":{"start":{"line":105,"column":4},"end":{"line":107,"column":5}},"50":{"start":{"line":106,"column":6},"end":{"line":106,"column":50}},"51":{"start":{"line":109,"column":4},"end":{"line":109,"column":48}},"52":{"start":{"line":111,"column":24},"end":{"line":111,"column":84}},"53":{"start":{"line":111,"column":64},"end":{"line":111,"column":80}},"54":{"start":{"line":112,"column":4},"end":{"line":112,"column":69}},"55":{"start":{"line":114,"column":4},"end":{"line":114,"column":28}},"56":{"start":{"line":116,"column":4},"end":{"line":116,"column":61}},"57":{"start":{"line":118,"column":4},"end":{"line":118,"column":75}},"58":{"start":{"line":123,"column":0},"end":{"line":149,"column":3}},"59":{"start":{"line":124,"column":17},"end":{"line":124,"column":27}},"60":{"start":{"line":125,"column":21},"end":{"line":125,"column":29}},"61":{"start":{"line":127,"column":2},"end":{"line":148,"column":3}},"62":{"start":{"line":128,"column":23},"end":{"line":128,"column":58}},"63":{"start":{"line":129,"column":4},"end":{"line":131,"column":5}},"64":{"start":{"line":130,"column":6},"end":{"line":130,"column":75}},"65":{"start":{"line":133,"column":26},"end":{"line":133,"column":82}},"66":{"start":{"line":133,"column":62},"end":{"line":133,"column":81}},"67":{"start":{"line":134,"column":4},"end":{"line":145,"column":5}},"68":{"start":{"line":135,"column":6},"end":{"line":135,"column":50}},"69":{"start":{"line":137,"column":26},"end":{"line":137,"column":86}},"70":{"start":{"line":137,"column":66},"end":{"line":137,"column":82}},"71":{"start":{"line":138,"column":6},"end":{"line":138,"column":107}},"72":{"start":{"line":140,"column":6},"end":{"line":140,"column":30}},"73":{"start":{"line":142,"column":6},"end":{"line":142,"column":54}},"74":{"start":{"line":144,"column":6},"end":{"line":144,"column":73}},"75":{"start":{"line":147,"column":4},"end":{"line":147,"column":68}},"76":{"start":{"line":152,"column":0},"end":{"line":163,"column":3}},"77":{"start":{"line":153,"column":17},"end":{"line":153,"column":27}},"78":{"start":{"line":154,"column":2},"end":{"line":162,"column":3}},"79":{"start":{"line":155,"column":23},"end":{"line":155,"column":58}},"80":{"start":{"line":156,"column":4},"end":{"line":158,"column":5}},"81":{"start":{"line":157,"column":6},"end":{"line":157,"column":75}},"82":{"start":{"line":159,"column":4},"end":{"line":159,"column":75}},"83":{"start":{"line":161,"column":4},"end":{"line":161,"column":71}},"84":{"start":{"line":168,"column":0},"end":{"line":186,"column":3}},"85":{"start":{"line":169,"column":2},"end":{"line":185,"column":3}},"86":{"start":{"line":171,"column":29},"end":{"line":171,"column":67}},"87":{"start":{"line":173,"column":26},"end":{"line":173,"column":81}},"88":{"start":{"line":173,"column":60},"end":{"line":173,"column":80}},"89":{"start":{"line":176,"column":4},"end":{"line":179,"column":6}},"90":{"start":{"line":181,"column":4},"end":{"line":181,"column":72}},"91":{"start":{"line":183,"column":4},"end":{"line":183,"column":58}},"92":{"start":{"line":184,"column":4},"end":{"line":184,"column":74}}},"fnMap":{"0":{"name":"(anonymous_0)","decl":{"start":{"line":11,"column":27},"end":{"line":11,"column":28}},"loc":{"start":{"line":11,"column":47},"end":{"line":19,"column":1}},"line":11},"1":{"name":"(anonymous_1)","decl":{"start":{"line":22,"column":26},"end":{"line":22,"column":27}},"loc":{"start":{"line":22,"column":46},"end":{"line":29,"column":1}},"line":22},"2":{"name":"(anonymous_2)","decl":{"start":{"line":32,"column":30},"end":{"line":32,"column":31}},"loc":{"start":{"line":32,"column":50},"end":{"line":43,"column":1}},"line":32},"3":{"name":"(anonymous_3)","decl":{"start":{"line":46,"column":30},"end":{"line":46,"column":31}},"loc":{"start":{"line":46,"column":50},"end":{"line":63,"column":1}},"line":46},"4":{"name":"(anonymous_4)","decl":{"start":{"line":66,"column":39},"end":{"line":66,"column":40}},"loc":{"start":{"line":66,"column":59},"end":{"line":74,"column":1}},"line":66},"5":{"name":"(anonymous_5)","decl":{"start":{"line":79,"column":27},"end":{"line":79,"column":28}},"loc":{"start":{"line":79,"column":47},"end":{"line":89,"column":1}},"line":79},"6":{"name":"(anonymous_6)","decl":{"start":{"line":94,"column":39},"end":{"line":94,"column":40}},"loc":{"start":{"line":94,"column":59},"end":{"line":120,"column":1}},"line":94},"7":{"name":"(anonymous_7)","decl":{"start":{"line":104,"column":55},"end":{"line":104,"column":56}},"loc":{"start":{"line":104,"column":62},"end":{"line":104,"column":81}},"line":104},"8":{"name":"(anonymous_8)","decl":{"start":{"line":111,"column":50},"end":{"line":111,"column":51}},"loc":{"start":{"line":111,"column":64},"end":{"line":111,"column":80}},"line":111},"9":{"name":"(anonymous_9)","decl":{"start":{"line":123,"column":41},"end":{"line":123,"column":42}},"loc":{"start":{"line":123,"column":61},"end":{"line":149,"column":1}},"line":123},"10":{"name":"(anonymous_10)","decl":{"start":{"line":133,"column":55},"end":{"line":133,"column":56}},"loc":{"start":{"line":133,"column":62},"end":{"line":133,"column":81}},"line":133},"11":{"name":"(anonymous_11)","decl":{"start":{"line":137,"column":52},"end":{"line":137,"column":53}},"loc":{"start":{"line":137,"column":66},"end":{"line":137,"column":82}},"line":137},"12":{"name":"(anonymous_12)","decl":{"start":{"line":152,"column":38},"end":{"line":152,"column":39}},"loc":{"start":{"line":152,"column":58},"end":{"line":163,"column":1}},"line":152},"13":{"name":"(anonymous_13)","decl":{"start":{"line":168,"column":34},"end":{"line":168,"column":35}},"loc":{"start":{"line":168,"column":54},"end":{"line":186,"column":1}},"line":168},"14":{"name":"(anonymous_14)","decl":{"start":{"line":173,"column":47},"end":{"line":173,"column":48}},"loc":{"start":{"line":173,"column":60},"end":{"line":173,"column":80}},"line":173}},"branchMap":{"0":{"loc":{"start":{"line":36,"column":4},"end":{"line":38,"column":5}},"type":"if","locations":[{"start":{"line":36,"column":4},"end":{"line":38,"column":5}},{"start":{},"end":{}}],"line":36},"1":{"loc":{"start":{"line":56,"column":4},"end":{"line":58,"column":5}},"type":"if","locations":[{"start":{"line":56,"column":4},"end":{"line":58,"column":5}},{"start":{},"end":{}}],"line":56},"2":{"loc":{"start":{"line":85,"column":59},"end":{"line":85,"column":86}},"type":"binary-expr","locations":[{"start":{"line":85,"column":59},"end":{"line":85,"column":80}},{"start":{"line":85,"column":84},"end":{"line":85,"column":86}}],"line":85},"3":{"loc":{"start":{"line":100,"column":4},"end":{"line":102,"column":5}},"type":"if","locations":[{"start":{"line":100,"column":4},"end":{"line":102,"column":5}},{"start":{},"end":{}}],"line":100},"4":{"loc":{"start":{"line":105,"column":4},"end":{"line":107,"column":5}},"type":"if","locations":[{"start":{"line":105,"column":4},"end":{"line":107,"column":5}},{"start":{},"end":{}}],"line":105},"5":{"loc":{"start":{"line":129,"column":4},"end":{"line":131,"column":5}},"type":"if","locations":[{"start":{"line":129,"column":4},"end":{"line":131,"column":5}},{"start":{},"end":{}}],"line":129},"6":{"loc":{"start":{"line":134,"column":4},"end":{"line":145,"column":5}},"type":"if","locations":[{"start":{"line":134,"column":4},"end":{"line":145,"column":5}},{"start":{"line":143,"column":11},"end":{"line":145,"column":5}}],"line":134},"7":{"loc":{"start":{"line":138,"column":31},"end":{"line":138,"column":106}},"type":"cond-expr","locations":[{"start":{"line":138,"column":63},"end":{"line":138,"column":102}},{"start":{"line":138,"column":105},"end":{"line":138,"column":106}}],"line":138},"8":{"loc":{"start":{"line":156,"column":4},"end":{"line":158,"column":5}},"type":"if","locations":[{"start":{"line":156,"column":4},"end":{"line":158,"column":5}},{"start":{},"end":{}}],"line":156}},"s":{"0":1,"1":1,"2":1,"3":1,"4":1,"5":1,"6":0,"7":1,"8":1,"9":1,"10":1,"11":0,"12":1,"13":1,"14":1,"15":1,"16":1,"17":0,"18":1,"19":0,"20":1,"21":1,"22":1,"23":1,"24":1,"25":1,"26":0,"27":1,"28":0,"29":1,"30":0,"31":0,"32":0,"33":0,"34":0,"35":1,"36":1,"37":1,"38":1,"39":0,"40":1,"41":1,"42":1,"43":1,"44":1,"45":1,"46":0,"47":1,"48":1,"49":1,"50":1,"51":1,"52":1,"53":1,"54":1,"55":1,"56":1,"57":0,"58":1,"59":1,"60":1,"61":1,"62":1,"63":1,"64":0,"65":1,"66":1,"67":1,"68":1,"69":1,"70":0,"71":1,"72":1,"73":1,"74":0,"75":0,"76":1,"77":1,"78":1,"79":1,"80":1,"81":0,"82":1,"83":0,"84":1,"85":0,"86":0,"87":0,"88":0,"89":0,"90":0,"91":0,"92":0},"f":{"0":1,"1":1,"2":1,"3":1,"4":0,"5":1,"6":1,"7":1,"8":1,"9":1,"10":1,"11":0,"12":1,"13":0,"14":0},"b":{"0":[0,1],"1":[0,1],"2":[1,1],"3":[0,1],"4":[1,0],"5":[0,1],"6":[1,0],"7":[0,1],"8":[0,1]},"_coverageSchema":"1a1c01bbd47fc00a2c39e90264f33305004495a9","hash":"34f1cafbb89b27e20a7bac6a18c521a38afe50c7"}
,"C:\\Users\\Mox\\Documents\\Github Repos\\VitrinaStare.js-BE\\src\\routes\\user.routes.js": {"path":"C:\\Users\\Mox\\Documents\\Github Repos\\VitrinaStare.js-BE\\src\\routes\\user.routes.js","statementMap":{"0":{"start":{"line":7,"column":15},"end":{"line":7,"column":31}},"1":{"start":{"line":11,"column":18},"end":{"line":11,"column":43}},"2":{"start":{"line":14,"column":0},"end":{"line":36,"column":3}},"3":{"start":{"line":15,"column":2},"end":{"line":35,"column":3}},"4":{"start":{"line":16,"column":22},"end":{"line":16,"column":30}},"5":{"start":{"line":19,"column":4},"end":{"line":23,"column":5}},"6":{"start":{"line":20,"column":6},"end":{"line":20,"column":30}},"7":{"start":{"line":22,"column":6},"end":{"line":22,"column":29}},"8":{"start":{"line":25,"column":17},"end":{"line":25,"column":41}},"9":{"start":{"line":26,"column":22},"end":{"line":26,"column":39}},"10":{"start":{"line":29,"column":25},"end":{"line":29,"column":45}},"11":{"start":{"line":30,"column":4},"end":{"line":30,"column":33}},"12":{"start":{"line":32,"column":4},"end":{"line":32,"column":75}},"13":{"start":{"line":34,"column":4},"end":{"line":34,"column":67}},"14":{"start":{"line":39,"column":0},"end":{"line":46,"column":3}},"15":{"start":{"line":40,"column":2},"end":{"line":45,"column":3}},"16":{"start":{"line":41,"column":21},"end":{"line":41,"column":44}},"17":{"start":{"line":42,"column":4},"end":{"line":42,"column":81}},"18":{"start":{"line":44,"column":4},"end":{"line":44,"column":70}},"19":{"start":{"line":49,"column":0},"end":{"line":60,"column":3}},"20":{"start":{"line":50,"column":17},"end":{"line":50,"column":27}},"21":{"start":{"line":51,"column":2},"end":{"line":59,"column":3}},"22":{"start":{"line":52,"column":17},"end":{"line":52,"column":46}},"23":{"start":{"line":53,"column":4},"end":{"line":55,"column":5}},"24":{"start":{"line":54,"column":6},"end":{"line":54,"column":55}},"25":{"start":{"line":56,"column":4},"end":{"line":56,"column":72}},"26":{"start":{"line":58,"column":4},"end":{"line":58,"column":69}},"27":{"start":{"line":63,"column":0},"end":{"line":74,"column":3}},"28":{"start":{"line":64,"column":17},"end":{"line":64,"column":27}},"29":{"start":{"line":65,"column":2},"end":{"line":73,"column":3}},"30":{"start":{"line":66,"column":19},"end":{"line":66,"column":57}},"31":{"start":{"line":67,"column":4},"end":{"line":69,"column":5}},"32":{"start":{"line":68,"column":6},"end":{"line":68,"column":55}},"33":{"start":{"line":70,"column":4},"end":{"line":70,"column":72}},"34":{"start":{"line":72,"column":4},"end":{"line":72,"column":67}},"35":{"start":{"line":77,"column":0},"end":{"line":90,"column":3}},"36":{"start":{"line":78,"column":17},"end":{"line":78,"column":27}},"37":{"start":{"line":79,"column":2},"end":{"line":89,"column":3}},"38":{"start":{"line":80,"column":24},"end":{"line":82,"column":6}},"39":{"start":{"line":83,"column":4},"end":{"line":85,"column":5}},"40":{"start":{"line":84,"column":6},"end":{"line":84,"column":55}},"41":{"start":{"line":86,"column":4},"end":{"line":86,"column":77}},"42":{"start":{"line":88,"column":4},"end":{"line":88,"column":67}},"43":{"start":{"line":95,"column":0},"end":{"line":114,"column":3}},"44":{"start":{"line":96,"column":30},"end":{"line":96,"column":38}},"45":{"start":{"line":98,"column":2},"end":{"line":113,"column":3}},"46":{"start":{"line":99,"column":17},"end":{"line":99,"column":52}},"47":{"start":{"line":100,"column":4},"end":{"line":102,"column":5}},"48":{"start":{"line":101,"column":6},"end":{"line":101,"column":70}},"49":{"start":{"line":104,"column":20},"end":{"line":104,"column":65}},"50":{"start":{"line":106,"column":4},"end":{"line":110,"column":5}},"51":{"start":{"line":107,"column":6},"end":{"line":107,"column":63}},"52":{"start":{"line":109,"column":6},"end":{"line":109,"column":59}},"53":{"start":{"line":112,"column":4},"end":{"line":112,"column":78}},"54":{"start":{"line":119,"column":0},"end":{"line":131,"column":3}},"55":{"start":{"line":120,"column":17},"end":{"line":120,"column":27}},"56":{"start":{"line":121,"column":2},"end":{"line":130,"column":3}},"57":{"start":{"line":122,"column":17},"end":{"line":122,"column":66}},"58":{"start":{"line":123,"column":4},"end":{"line":127,"column":5}},"59":{"start":{"line":124,"column":6},"end":{"line":124,"column":105}},"60":{"start":{"line":126,"column":6},"end":{"line":126,"column":55}},"61":{"start":{"line":129,"column":4},"end":{"line":129,"column":80}},"62":{"start":{"line":134,"column":0},"end":{"line":146,"column":3}},"63":{"start":{"line":135,"column":20},"end":{"line":135,"column":60}},"64":{"start":{"line":136,"column":2},"end":{"line":145,"column":3}},"65":{"start":{"line":137,"column":17},"end":{"line":137,"column":74}},"66":{"start":{"line":138,"column":4},"end":{"line":142,"column":5}},"67":{"start":{"line":139,"column":6},"end":{"line":139,"column":77}},"68":{"start":{"line":141,"column":6},"end":{"line":141,"column":75}},"69":{"start":{"line":144,"column":4},"end":{"line":144,"column":72}},"70":{"start":{"line":149,"column":0},"end":{"line":161,"column":3}},"71":{"start":{"line":150,"column":20},"end":{"line":150,"column":30}},"72":{"start":{"line":151,"column":2},"end":{"line":160,"column":3}},"73":{"start":{"line":152,"column":17},"end":{"line":152,"column":72}},"74":{"start":{"line":153,"column":4},"end":{"line":157,"column":5}},"75":{"start":{"line":154,"column":6},"end":{"line":154,"column":78}},"76":{"start":{"line":156,"column":6},"end":{"line":156,"column":70}},"77":{"start":{"line":159,"column":4},"end":{"line":159,"column":67}},"78":{"start":{"line":166,"column":0},"end":{"line":177,"column":3}},"79":{"start":{"line":167,"column":20},"end":{"line":167,"column":30}},"80":{"start":{"line":168,"column":2},"end":{"line":176,"column":3}},"81":{"start":{"line":169,"column":21},"end":{"line":172,"column":6}},"82":{"start":{"line":173,"column":4},"end":{"line":173,"column":77}},"83":{"start":{"line":175,"column":4},"end":{"line":175,"column":74}}},"fnMap":{"0":{"name":"(anonymous_0)","decl":{"start":{"line":14,"column":22},"end":{"line":14,"column":23}},"loc":{"start":{"line":14,"column":42},"end":{"line":36,"column":1}},"line":14},"1":{"name":"(anonymous_1)","decl":{"start":{"line":39,"column":21},"end":{"line":39,"column":22}},"loc":{"start":{"line":39,"column":41},"end":{"line":46,"column":1}},"line":39},"2":{"name":"(anonymous_2)","decl":{"start":{"line":49,"column":25},"end":{"line":49,"column":26}},"loc":{"start":{"line":49,"column":45},"end":{"line":60,"column":1}},"line":49},"3":{"name":"(anonymous_3)","decl":{"start":{"line":63,"column":28},"end":{"line":63,"column":29}},"loc":{"start":{"line":63,"column":48},"end":{"line":74,"column":1}},"line":63},"4":{"name":"(anonymous_4)","decl":{"start":{"line":77,"column":25},"end":{"line":77,"column":26}},"loc":{"start":{"line":77,"column":45},"end":{"line":90,"column":1}},"line":77},"5":{"name":"(anonymous_5)","decl":{"start":{"line":95,"column":22},"end":{"line":95,"column":23}},"loc":{"start":{"line":95,"column":42},"end":{"line":114,"column":1}},"line":95},"6":{"name":"(anonymous_6)","decl":{"start":{"line":119,"column":42},"end":{"line":119,"column":43}},"loc":{"start":{"line":119,"column":62},"end":{"line":131,"column":1}},"line":119},"7":{"name":"(anonymous_7)","decl":{"start":{"line":134,"column":39},"end":{"line":134,"column":40}},"loc":{"start":{"line":134,"column":59},"end":{"line":146,"column":1}},"line":134},"8":{"name":"(anonymous_8)","decl":{"start":{"line":149,"column":34},"end":{"line":149,"column":35}},"loc":{"start":{"line":149,"column":54},"end":{"line":161,"column":1}},"line":149},"9":{"name":"(anonymous_9)","decl":{"start":{"line":166,"column":35},"end":{"line":166,"column":36}},"loc":{"start":{"line":166,"column":55},"end":{"line":177,"column":1}},"line":166}},"branchMap":{"0":{"loc":{"start":{"line":19,"column":4},"end":{"line":23,"column":5}},"type":"if","locations":[{"start":{"line":19,"column":4},"end":{"line":23,"column":5}},{"start":{"line":21,"column":11},"end":{"line":23,"column":5}}],"line":19},"1":{"loc":{"start":{"line":19,"column":8},"end":{"line":19,"column":66}},"type":"binary-expr","locations":[{"start":{"line":19,"column":8},"end":{"line":19,"column":13}},{"start":{"line":19,"column":17},"end":{"line":19,"column":66}}],"line":19},"2":{"loc":{"start":{"line":53,"column":4},"end":{"line":55,"column":5}},"type":"if","locations":[{"start":{"line":53,"column":4},"end":{"line":55,"column":5}},{"start":{},"end":{}}],"line":53},"3":{"loc":{"start":{"line":67,"column":4},"end":{"line":69,"column":5}},"type":"if","locations":[{"start":{"line":67,"column":4},"end":{"line":69,"column":5}},{"start":{},"end":{}}],"line":67},"4":{"loc":{"start":{"line":83,"column":4},"end":{"line":85,"column":5}},"type":"if","locations":[{"start":{"line":83,"column":4},"end":{"line":85,"column":5}},{"start":{},"end":{}}],"line":83},"5":{"loc":{"start":{"line":100,"column":4},"end":{"line":102,"column":5}},"type":"if","locations":[{"start":{"line":100,"column":4},"end":{"line":102,"column":5}},{"start":{},"end":{}}],"line":100},"6":{"loc":{"start":{"line":106,"column":4},"end":{"line":110,"column":5}},"type":"if","locations":[{"start":{"line":106,"column":4},"end":{"line":110,"column":5}},{"start":{"line":108,"column":11},"end":{"line":110,"column":5}}],"line":106},"7":{"loc":{"start":{"line":123,"column":4},"end":{"line":127,"column":5}},"type":"if","locations":[{"start":{"line":123,"column":4},"end":{"line":127,"column":5}},{"start":{"line":125,"column":11},"end":{"line":127,"column":5}}],"line":123},"8":{"loc":{"start":{"line":138,"column":4},"end":{"line":142,"column":5}},"type":"if","locations":[{"start":{"line":138,"column":4},"end":{"line":142,"column":5}},{"start":{"line":140,"column":11},"end":{"line":142,"column":5}}],"line":138},"9":{"loc":{"start":{"line":153,"column":4},"end":{"line":157,"column":5}},"type":"if","locations":[{"start":{"line":153,"column":4},"end":{"line":157,"column":5}},{"start":{"line":155,"column":11},"end":{"line":157,"column":5}}],"line":153}},"s":{"0":1,"1":1,"2":1,"3":2,"4":2,"5":2,"6":0,"7":2,"8":2,"9":2,"10":1,"11":0,"12":0,"13":2,"14":1,"15":1,"16":1,"17":1,"18":0,"19":1,"20":1,"21":1,"22":1,"23":1,"24":0,"25":1,"26":0,"27":1,"28":1,"29":1,"30":1,"31":1,"32":0,"33":1,"34":0,"35":1,"36":1,"37":1,"38":1,"39":1,"40":0,"41":1,"42":0,"43":1,"44":1,"45":1,"46":1,"47":1,"48":0,"49":1,"50":1,"51":1,"52":0,"53":0,"54":1,"55":0,"56":0,"57":0,"58":0,"59":0,"60":0,"61":0,"62":1,"63":0,"64":0,"65":0,"66":0,"67":0,"68":0,"69":0,"70":1,"71":0,"72":0,"73":0,"74":0,"75":0,"76":0,"77":0,"78":1,"79":0,"80":0,"81":0,"82":0,"83":0},"f":{"0":2,"1":1,"2":1,"3":1,"4":1,"5":1,"6":0,"7":0,"8":0,"9":0},"b":{"0":[0,2],"1":[2,2],"2":[0,1],"3":[0,1],"4":[0,1],"5":[0,1],"6":[1,0],"7":[0,0],"8":[0,0],"9":[0,0]},"_coverageSchema":"1a1c01bbd47fc00a2c39e90264f33305004495a9","hash":"401bf6271a19e8203e92c052fb871e29314ebcb7"}
,"C:\\Users\\Mox\\Documents\\Github Repos\\VitrinaStare.js-BE\\src\\utils\\sendResponse.js": {"path":"C:\\Users\\Mox\\Documents\\Github Repos\\VitrinaStare.js-BE\\src\\utils\\sendResponse.js","statementMap":{"0":{"start":{"line":35,"column":23},"end":{"line":35,"column":34}},"1":{"start":{"line":37,"column":2},"end":{"line":41,"column":3}},"2":{"start":{"line":38,"column":4},"end":{"line":38,"column":63}},"3":{"start":{"line":39,"column":9},"end":{"line":41,"column":3}},"4":{"start":{"line":40,"column":4},"end":{"line":40,"column":34}},"5":{"start":{"line":43,"column":2},"end":{"line":43,"column":44}}},"fnMap":{"0":{"name":"sendResponse","decl":{"start":{"line":34,"column":9},"end":{"line":34,"column":21}},"loc":{"start":{"line":34,"column":64},"end":{"line":44,"column":1}},"line":34}},"branchMap":{"0":{"loc":{"start":{"line":34,"column":48},"end":{"line":34,"column":62}},"type":"default-arg","locations":[{"start":{"line":34,"column":58},"end":{"line":34,"column":62}}],"line":34},"1":{"loc":{"start":{"line":37,"column":2},"end":{"line":41,"column":3}},"type":"if","locations":[{"start":{"line":37,"column":2},"end":{"line":41,"column":3}},{"start":{"line":39,"column":9},"end":{"line":41,"column":3}}],"line":37},"2":{"loc":{"start":{"line":38,"column":25},"end":{"line":38,"column":62}},"type":"binary-expr","locations":[{"start":{"line":38,"column":25},"end":{"line":38,"column":40}},{"start":{"line":38,"column":44},"end":{"line":38,"column":62}}],"line":38},"3":{"loc":{"start":{"line":39,"column":9},"end":{"line":41,"column":3}},"type":"if","locations":[{"start":{"line":39,"column":9},"end":{"line":41,"column":3}},{"start":{},"end":{}}],"line":39}},"s":{"0":30,"1":30,"2":2,"3":28,"4":26,"5":30},"f":{"0":30},"b":{"0":[2],"1":[2,28],"2":[2,0],"3":[26,2]},"_coverageSchema":"1a1c01bbd47fc00a2c39e90264f33305004495a9","hash":"017d0955ed02c945e83bbb1c4970d80b4fe7d609"}
}
