TN:
SF:src\models\comment.js
FNF:0
FNH:0
DA:4,1
LF:1
LH:1
BRF:0
BRH:0
end_of_record
TN:
SF:src\models\release.js
FNF:0
FNH:0
DA:5,2
LF:1
LH:1
BRF:0
BRH:0
end_of_record
TN:
SF:src\models\repository.js
FNF:0
FNH:0
DA:4,1
LF:1
LH:1
BRF:0
BRH:0
end_of_record
TN:
SF:src\models\user.js
FN:72,(anonymous_0)
FNF:1
FNH:0
FNDA:0,(anonymous_0)
DA:5,1
DA:72,1
DA:73,0
DA:74,0
DA:75,0
DA:76,0
DA:77,0
DA:79,0
DA:82,0
LF:9
LH:2
BRDA:73,0,0,0
BRDA:73,0,1,0
BRDA:73,1,0,0
BRDA:73,1,1,0
BRF:4
BRH:0
end_of_record
TN:
SF:src\models\verification.js
FNF:0
FNH:0
DA:4,2
LF:1
LH:1
BRF:0
BRH:0
end_of_record
TN:
SF:src\routes\comment.routes.js
FN:10,(anonymous_0)
FN:21,(anonymous_1)
FN:31,(anonymous_2)
FN:44,(anonymous_3)
FN:54,(anonymous_4)
FN:64,(anonymous_5)
FN:77,(anonymous_6)
FNF:7
FNH:7
FNDA:1,(anonymous_0)
FNDA:1,(anonymous_1)
FNDA:1,(anonymous_2)
FNDA:1,(anonymous_3)
FNDA:1,(anonymous_4)
FNDA:1,(anonymous_5)
FNDA:1,(anonymous_6)
DA:5,1
DA:10,1
DA:11,1
DA:12,1
DA:13,1
DA:14,1
DA:16,0
DA:21,1
DA:22,1
DA:23,1
DA:24,1
DA:26,0
DA:31,1
DA:32,1
DA:33,1
DA:34,1
DA:35,0
DA:37,1
DA:39,0
DA:44,1
DA:45,1
DA:46,1
DA:47,1
DA:49,0
DA:54,1
DA:55,1
DA:56,1
DA:57,1
DA:59,0
DA:64,1
DA:65,1
DA:66,1
DA:67,1
DA:68,0
DA:70,1
DA:72,0
DA:77,1
DA:78,1
DA:79,1
DA:80,1
DA:85,1
DA:86,0
DA:88,1
DA:90,0
LF:44
LH:34
BRDA:34,0,0,0
BRDA:34,0,1,1
BRDA:67,1,0,0
BRDA:67,1,1,1
BRDA:85,2,0,0
BRDA:85,2,1,1
BRF:6
BRH:3
end_of_record
TN:
SF:src\routes\release.routes.js
FN:10,(anonymous_0)
FN:21,(anonymous_1)
FN:31,(anonymous_2)
FN:43,(anonymous_3)
FN:54,(anonymous_4)
FN:65,(anonymous_5)
FN:83,(anonymous_6)
FN:95,(anonymous_7)
FN:109,(anonymous_8)
FN:113,(anonymous_9)
FN:126,(anonymous_10)
FN:134,(anonymous_11)
FN:142,(anonymous_12)
FN:155,(anonymous_13)
FNF:14
FNH:8
FNDA:1,(anonymous_0)
FNDA:1,(anonymous_1)
FNDA:1,(anonymous_2)
FNDA:1,(anonymous_3)
FNDA:1,(anonymous_4)
FNDA:1,(anonymous_5)
FNDA:1,(anonymous_6)
FNDA:1,(anonymous_7)
FNDA:0,(anonymous_8)
FNDA:0,(anonymous_9)
FNDA:0,(anonymous_10)
FNDA:0,(anonymous_11)
FNDA:0,(anonymous_12)
FNDA:0,(anonymous_13)
DA:5,1
DA:10,1
DA:11,1
DA:12,1
DA:13,1
DA:14,1
DA:16,0
DA:21,1
DA:22,1
DA:23,1
DA:24,1
DA:26,0
DA:31,1
DA:32,1
DA:33,1
DA:34,1
DA:35,1
DA:37,0
DA:43,1
DA:44,1
DA:45,1
DA:46,1
DA:47,1
DA:49,0
DA:54,1
DA:55,1
DA:56,1
DA:57,1
DA:58,1
DA:60,0
DA:65,1
DA:66,1
DA:67,1
DA:69,1
DA:70,1
DA:74,1
DA:76,0
DA:83,1
DA:84,1
DA:85,1
DA:86,1
DA:87,1
DA:88,1
DA:90,0
DA:95,1
DA:96,1
DA:97,1
DA:102,1
DA:104,0
DA:109,1
DA:110,0
DA:111,0
DA:112,0
DA:113,0
DA:114,0
DA:115,0
DA:117,0
DA:126,1
DA:127,0
DA:128,0
DA:129,0
DA:130,0
DA:133,0
DA:134,0
DA:136,0
DA:137,0
DA:138,0
DA:142,0
DA:143,0
DA:145,0
DA:146,0
DA:148,0
DA:155,1
DA:156,0
DA:157,0
DA:160,0
DA:162,0
LF:77
LH:44
BRDA:112,0,0,0
BRDA:112,0,1,0
BRDA:114,1,0,0
BRDA:114,1,1,0
BRDA:134,2,0,0
BRDA:134,2,1,0
BRDA:134,3,0,0
BRDA:134,3,1,0
BRDA:136,4,0,0
BRDA:136,4,1,0
BRDA:142,5,0,0
BRDA:142,5,1,0
BRF:12
BRH:0
end_of_record
TN:
SF:src\routes\repository.routes.js
FN:11,(anonymous_0)
FN:22,(anonymous_1)
FN:32,(anonymous_2)
FN:46,(anonymous_3)
FN:66,(anonymous_4)
FN:79,(anonymous_5)
FN:94,(anonymous_6)
FN:104,(anonymous_7)
FN:111,(anonymous_8)
FN:123,(anonymous_9)
FN:133,(anonymous_10)
FN:137,(anonymous_11)
FN:152,(anonymous_12)
FN:168,(anonymous_13)
FN:173,(anonymous_14)
FNF:15
FNH:11
FNDA:1,(anonymous_0)
FNDA:1,(anonymous_1)
FNDA:1,(anonymous_2)
FNDA:1,(anonymous_3)
FNDA:0,(anonymous_4)
FNDA:1,(anonymous_5)
FNDA:1,(anonymous_6)
FNDA:1,(anonymous_7)
FNDA:1,(anonymous_8)
FNDA:1,(anonymous_9)
FNDA:1,(anonymous_10)
FNDA:0,(anonymous_11)
FNDA:1,(anonymous_12)
FNDA:0,(anonymous_13)
FNDA:0,(anonymous_14)
DA:6,1
DA:11,1
DA:12,1
DA:13,1
DA:14,1
DA:15,1
DA:17,0
DA:22,1
DA:23,1
DA:24,1
DA:25,1
DA:27,0
DA:32,1
DA:33,1
DA:34,1
DA:35,1
DA:36,1
DA:37,0
DA:39,1
DA:41,0
DA:46,1
DA:47,1
DA:48,1
DA:50,1
DA:51,1
DA:56,1
DA:57,0
DA:59,1
DA:61,0
DA:66,1
DA:67,0
DA:68,0
DA:69,0
DA:70,0
DA:72,0
DA:79,1
DA:80,1
DA:81,1
DA:85,1
DA:87,0
DA:94,1
DA:95,1
DA:96,1
DA:98,1
DA:99,1
DA:100,1
DA:101,0
DA:104,1
DA:105,1
DA:106,1
DA:109,1
DA:111,1
DA:112,1
DA:114,1
DA:116,1
DA:118,0
DA:123,1
DA:124,1
DA:125,1
DA:127,1
DA:128,1
DA:129,1
DA:130,0
DA:133,1
DA:134,1
DA:135,1
DA:137,1
DA:138,1
DA:140,1
DA:142,1
DA:144,0
DA:147,0
DA:152,1
DA:153,1
DA:154,1
DA:155,1
DA:156,1
DA:157,0
DA:159,1
DA:161,0
DA:168,1
DA:169,0
DA:171,0
DA:173,0
DA:176,0
DA:181,0
DA:183,0
DA:184,0
LF:88
LH:62
BRDA:36,0,0,0
BRDA:36,0,1,1
BRDA:56,1,0,0
BRDA:56,1,1,1
BRDA:85,2,0,1
BRDA:85,2,1,1
BRDA:100,3,0,0
BRDA:100,3,1,1
BRDA:105,4,0,1
BRDA:105,4,1,0
BRDA:129,5,0,0
BRDA:129,5,1,1
BRDA:134,6,0,1
BRDA:134,6,1,0
BRDA:138,7,0,0
BRDA:138,7,1,1
BRDA:156,8,0,0
BRDA:156,8,1,1
BRF:18
BRH:10
end_of_record
TN:
SF:src\routes\user.routes.js
FN:14,(anonymous_0)
FN:39,(anonymous_1)
FN:49,(anonymous_2)
FN:63,(anonymous_3)
FN:77,(anonymous_4)
FN:95,(anonymous_5)
FN:119,(anonymous_6)
FN:134,(anonymous_7)
FN:149,(anonymous_8)
FN:166,(anonymous_9)
FNF:10
FNH:6
FNDA:2,(anonymous_0)
FNDA:1,(anonymous_1)
FNDA:1,(anonymous_2)
FNDA:1,(anonymous_3)
FNDA:1,(anonymous_4)
FNDA:1,(anonymous_5)
FNDA:0,(anonymous_6)
FNDA:0,(anonymous_7)
FNDA:0,(anonymous_8)
FNDA:0,(anonymous_9)
DA:7,1
DA:11,1
DA:14,1
DA:15,2
DA:16,2
DA:19,2
DA:20,0
DA:22,2
DA:25,2
DA:26,2
DA:29,1
DA:30,0
DA:32,0
DA:34,2
DA:39,1
DA:40,1
DA:41,1
DA:42,1
DA:44,0
DA:49,1
DA:50,1
DA:51,1
DA:52,1
DA:53,1
DA:54,0
DA:56,1
DA:58,0
DA:63,1
DA:64,1
DA:65,1
DA:66,1
DA:67,1
DA:68,0
DA:70,1
DA:72,0
DA:77,1
DA:78,1
DA:79,1
DA:80,1
DA:83,1
DA:84,0
DA:86,1
DA:88,0
DA:95,1
DA:96,1
DA:98,1
DA:99,1
DA:100,1
DA:101,0
DA:104,1
DA:106,1
DA:107,1
DA:109,0
DA:112,0
DA:119,1
DA:120,0
DA:121,0
DA:122,0
DA:123,0
DA:124,0
DA:126,0
DA:129,0
DA:134,1
DA:135,0
DA:136,0
DA:137,0
DA:138,0
DA:139,0
DA:141,0
DA:144,0
DA:149,1
DA:150,0
DA:151,0
DA:152,0
DA:153,0
DA:154,0
DA:156,0
DA:159,0
DA:166,1
DA:167,0
DA:168,0
DA:169,0
DA:173,0
DA:175,0
LF:84
LH:45
BRDA:19,0,0,0
BRDA:19,0,1,2
BRDA:19,1,0,2
BRDA:19,1,1,2
BRDA:53,2,0,0
BRDA:53,2,1,1
BRDA:67,3,0,0
BRDA:67,3,1,1
BRDA:83,4,0,0
BRDA:83,4,1,1
BRDA:100,5,0,0
BRDA:100,5,1,1
BRDA:106,6,0,1
BRDA:106,6,1,0
BRDA:123,7,0,0
BRDA:123,7,1,0
BRDA:138,8,0,0
BRDA:138,8,1,0
BRDA:153,9,0,0
BRDA:153,9,1,0
BRF:20
BRH:8
end_of_record
TN:
SF:src\utils\sendResponse.js
FN:34,sendResponse
FNF:1
FNH:1
FNDA:30,sendResponse
DA:35,30
DA:37,30
DA:38,2
DA:39,28
DA:40,26
DA:43,30
LF:6
LH:6
BRDA:34,0,0,2
BRDA:37,1,0,2
BRDA:37,1,1,28
BRDA:38,2,0,2
BRDA:38,2,1,0
BRDA:39,3,0,26
BRDA:39,3,1,2
BRF:7
BRH:6
end_of_record
