TN:
SF:src\models\comment.js
FNF:0
FNH:0
DA:1,1
DA:3,1
DA:56,1
LF:3
LH:3
BRF:0
BRH:0
end_of_record
TN:
SF:src\models\release.js
FNF:0
FNH:0
DA:1,1
DA:2,1
DA:3,1
DA:4,1
DA:81,1
LF:5
LH:5
BRF:0
BRH:0
end_of_record
TN:
SF:src\models\repository.js
FNF:0
FNH:0
DA:1,1
DA:5,1
DA:88,1
LF:3
LH:3
BRF:0
BRH:0
end_of_record
TN:
SF:src\models\status.js
FNF:0
FNH:0
DA:1,1
DA:3,1
DA:38,1
LF:3
LH:3
BRF:0
BRH:0
end_of_record
TN:
SF:src\routes\comment.js
FN:7,(anonymous_0)
FN:12,(anonymous_1)
FN:13,(anonymous_2)
FN:17,(anonymous_3)
FN:20,(anonymous_4)
FN:21,(anonymous_5)
FN:25,(anonymous_6)
FN:29,(anonymous_7)
FN:30,(anonymous_8)
FN:34,(anonymous_9)
FN:46,(anonymous_10)
FN:57,(anonymous_11)
FN:61,(anonymous_12)
FN:62,(anonymous_13)
FN:66,(anonymous_14)
FNF:15
FNH:11
FNDA:1,(anonymous_0)
FNDA:1,(anonymous_1)
FNDA:0,(anonymous_2)
FNDA:1,(anonymous_3)
FNDA:1,(anonymous_4)
FNDA:0,(anonymous_5)
FNDA:1,(anonymous_6)
FNDA:1,(anonymous_7)
FNDA:0,(anonymous_8)
FNDA:1,(anonymous_9)
FNDA:1,(anonymous_10)
FNDA:1,(anonymous_11)
FNDA:1,(anonymous_12)
FNDA:0,(anonymous_13)
FNDA:1,(anonymous_14)
DA:1,1
DA:2,1
DA:4,1
DA:7,1
DA:8,1
DA:9,1
DA:10,1
DA:12,1
DA:13,0
DA:17,1
DA:18,1
DA:20,1
DA:21,0
DA:25,1
DA:26,1
DA:27,1
DA:29,1
DA:30,0
DA:34,1
DA:35,1
DA:36,1
DA:37,1
DA:38,1
DA:40,0
DA:46,1
DA:47,1
DA:48,1
DA:49,1
DA:50,1
DA:52,0
DA:57,1
DA:58,1
DA:59,1
DA:61,1
DA:62,0
DA:66,1
DA:67,1
DA:68,1
DA:69,1
DA:70,1
DA:75,1
DA:77,0
DA:80,1
LF:43
LH:36
BRF:0
BRH:0
end_of_record
TN:
SF:src\routes\release.js
FN:7,(anonymous_0)
FN:12,(anonymous_1)
FN:13,(anonymous_2)
FN:17,(anonymous_3)
FN:20,(anonymous_4)
FN:21,(anonymous_5)
FN:25,(anonymous_6)
FN:29,(anonymous_7)
FN:30,(anonymous_8)
FN:34,(anonymous_9)
FN:38,(anonymous_10)
FN:39,(anonymous_11)
FN:42,(anonymous_12)
FN:46,(anonymous_13)
FN:47,(anonymous_14)
FN:51,(anonymous_15)
FN:56,(anonymous_16)
FN:57,(anonymous_17)
FN:61,(anonymous_18)
FN:67,(anonymous_19)
FN:74,(anonymous_20)
FN:75,(anonymous_21)
FN:87,(anonymous_22)
FN:99,(anonymous_23)
FN:102,(anonymous_24)
FNF:25
FNH:18
FNDA:1,(anonymous_0)
FNDA:1,(anonymous_1)
FNDA:0,(anonymous_2)
FNDA:1,(anonymous_3)
FNDA:1,(anonymous_4)
FNDA:0,(anonymous_5)
FNDA:1,(anonymous_6)
FNDA:1,(anonymous_7)
FNDA:0,(anonymous_8)
FNDA:1,(anonymous_9)
FNDA:1,(anonymous_10)
FNDA:0,(anonymous_11)
FNDA:1,(anonymous_12)
FNDA:1,(anonymous_13)
FNDA:0,(anonymous_14)
FNDA:1,(anonymous_15)
FNDA:1,(anonymous_16)
FNDA:0,(anonymous_17)
FNDA:1,(anonymous_18)
FNDA:1,(anonymous_19)
FNDA:0,(anonymous_20)
FNDA:1,(anonymous_21)
FNDA:1,(anonymous_22)
FNDA:1,(anonymous_23)
FNDA:1,(anonymous_24)
DA:1,1
DA:2,1
DA:4,1
DA:7,1
DA:8,1
DA:9,1
DA:10,1
DA:12,1
DA:13,0
DA:17,1
DA:18,1
DA:20,1
DA:21,0
DA:25,1
DA:26,1
DA:27,1
DA:29,1
DA:30,0
DA:34,1
DA:35,1
DA:36,1
DA:38,1
DA:39,0
DA:42,1
DA:43,1
DA:44,1
DA:46,1
DA:47,0
DA:51,1
DA:52,1
DA:53,1
DA:54,1
DA:56,1
DA:57,0
DA:61,1
DA:62,1
DA:63,1
DA:65,1
DA:69,1
DA:72,1
DA:74,0
DA:75,1
DA:87,1
DA:88,1
DA:90,1
DA:92,1
DA:99,1
DA:102,1
DA:105,1
DA:106,0
DA:108,1
DA:112,1
DA:115,1
DA:117,0
DA:121,1
LF:55
LH:46
BRDA:102,0,0,0
BRDA:102,0,1,1
BRDA:105,1,0,0
BRDA:105,1,1,1
BRF:4
BRH:2
end_of_record
TN:
SF:src\routes\repository.js
FN:9,(anonymous_0)
FN:13,(anonymous_1)
FN:14,(anonymous_2)
FN:21,(anonymous_3)
FN:24,(anonymous_4)
FN:25,(anonymous_5)
FN:29,(anonymous_6)
FN:33,(anonymous_7)
FN:34,(anonymous_8)
FN:37,(anonymous_9)
FN:43,(anonymous_10)
FN:44,(anonymous_11)
FN:49,(anonymous_12)
FN:54,(anonymous_13)
FN:56,(anonymous_14)
FN:65,(anonymous_15)
FN:71,(anonymous_16)
FN:72,(anonymous_17)
FN:75,(anonymous_18)
FN:80,(anonymous_19)
FN:82,(anonymous_20)
FN:89,(anonymous_21)
FN:96,(anonymous_22)
FN:97,(anonymous_23)
FN:101,(anonymous_24)
FN:105,(anonymous_25)
FN:111,(anonymous_26)
FN:115,(anonymous_27)
FNF:28
FNH:20
FNDA:1,(anonymous_0)
FNDA:1,(anonymous_1)
FNDA:0,(anonymous_2)
FNDA:1,(anonymous_3)
FNDA:1,(anonymous_4)
FNDA:0,(anonymous_5)
FNDA:1,(anonymous_6)
FNDA:1,(anonymous_7)
FNDA:0,(anonymous_8)
FNDA:1,(anonymous_9)
FNDA:1,(anonymous_10)
FNDA:0,(anonymous_11)
FNDA:1,(anonymous_12)
FNDA:1,(anonymous_13)
FNDA:1,(anonymous_14)
FNDA:1,(anonymous_15)
FNDA:0,(anonymous_16)
FNDA:1,(anonymous_17)
FNDA:1,(anonymous_18)
FNDA:1,(anonymous_19)
FNDA:1,(anonymous_20)
FNDA:0,(anonymous_21)
FNDA:0,(anonymous_22)
FNDA:1,(anonymous_23)
FNDA:1,(anonymous_24)
FNDA:1,(anonymous_25)
FNDA:0,(anonymous_26)
FNDA:1,(anonymous_27)
DA:1,1
DA:2,1
DA:6,1
DA:9,1
DA:10,1
DA:11,1
DA:13,1
DA:15,0
DA:16,0
DA:21,1
DA:22,1
DA:24,1
DA:25,0
DA:29,1
DA:30,1
DA:31,1
DA:33,1
DA:34,0
DA:37,1
DA:38,1
DA:43,1
DA:44,0
DA:49,1
DA:50,1
DA:51,1
DA:53,1
DA:56,1
DA:57,1
DA:58,1
DA:62,1
DA:65,1
DA:66,1
DA:69,1
DA:71,0
DA:72,1
DA:75,1
DA:76,1
DA:77,1
DA:79,1
DA:82,1
DA:85,1
DA:86,1
DA:89,1
DA:90,1
DA:93,1
DA:96,0
DA:97,1
DA:101,1
DA:102,1
DA:103,1
DA:106,1
DA:107,0
DA:109,1
DA:111,0
DA:115,1
DA:116,1
DA:117,1
DA:119,1
DA:120,1
DA:125,1
DA:127,0
DA:131,1
LF:62
LH:52
BRDA:57,0,0,1
BRDA:57,0,1,0
BRDA:85,1,0,1
BRDA:85,1,1,0
BRDA:90,2,0,0
BRDA:90,2,1,1
BRDA:106,3,0,0
BRDA:106,3,1,1
BRF:8
BRH:4
end_of_record
